Sun Oct 02 2011 21:35:48 GMT+0800 (CST) [urlopen] [INFO] [cn.engadget.com] using keep-alive connection
Sun Oct 02 2011 21:35:48 GMT+0800 (CST) [cache] [INFO] [cn.engadget.com] create non-existing domain directory
Sun Oct 02 2011 21:35:48 GMT+0800 (CST) [urlopen] [DEBUG] [cn.engadget.com] http request url: http://cn.engadget.com/2011/10/02/is-this-apples-cheaper-iphone-4/
Sun Oct 02 2011 21:35:48 GMT+0800 (CST) [urlopen] [INFO] [cn.engadget.com] using keep-alive connection
Sun Oct 02 2011 21:35:48 GMT+0800 (CST) [urlopen] [DEBUG] [cn.engadget.com] http request url: http://cn.engadget.com/2011/10/02/kodaks-waterproof-playfull-records-your-pool-parties-in-720p-l/
Sun Oct 02 2011 21:35:48 GMT+0800 (CST) [urlopen] [INFO] [cn.engadget.com] using keep-alive connection
Sun Oct 02 2011 21:35:48 GMT+0800 (CST) [urlopen] [DEBUG] [cn.engadget.com] http request url: http://cn.engadget.com/2011/10/02/iphone-5-4s-placeholders-pop-up-at-cincinnati-bell-questionab/
Sun Oct 02 2011 21:35:48 GMT+0800 (CST) [urlopen] [INFO] [cn.engadget.com] using keep-alive connection
Sun Oct 02 2011 21:35:48 GMT+0800 (CST) [urlopen] [DEBUG] [cn.engadget.com] http request url: http://cn.engadget.com/2011/10/01/samsung-releases-1-5ghz-exynos-processor-and-16mp-cmos-for-mobil/
Sun Oct 02 2011 21:35:48 GMT+0800 (CST) [urlopen] [INFO] [cn.engadget.com] using keep-alive connection
Sun Oct 02 2011 21:35:48 GMT+0800 (CST) [urlopen] [DEBUG] [cn.engadget.com] http request url: http://cn.engadget.com/2011/10/01/sony-ericsson-live-with-walkman-review/
Sun Oct 02 2011 21:35:48 GMT+0800 (CST) [urlopen] [INFO] [cn.engadget.com] using keep-alive connection
Sun Oct 02 2011 21:35:48 GMT+0800 (CST) [urlopen] [DEBUG] [cn.engadget.com] http request url: http://cn.engadget.com/2011/10/01/sharps-aquos-104sh-monster-phone-hits-softbank-next-spring-col/
Sun Oct 02 2011 21:35:48 GMT+0800 (CST) [urlopen] [INFO] [cn.engadget.com] using keep-alive connection
Sun Oct 02 2011 21:35:48 GMT+0800 (CST) [urlopen] [DEBUG] [cn.engadget.com] http request url: http://cn.engadget.com/2011/10/01/nokia-passes-off-symbian-and-2-300-employees-to-accenture/
Sun Oct 02 2011 21:35:48 GMT+0800 (CST) [urlopen] [INFO] [cn.engadget.com] using keep-alive connection
Sun Oct 02 2011 21:35:48 GMT+0800 (CST) [urlopen] [DEBUG] [cn.engadget.com] http request url: http://cn.engadget.com/2011/10/01/griffins-multidock-system-charges-and-syncs-up-to-30-ipads-at-o/
Sun Oct 02 2011 21:35:48 GMT+0800 (CST) [urlopen] [INFO] [cn.engadget.com] using keep-alive connection
Sun Oct 02 2011 21:35:48 GMT+0800 (CST) [urlopen] [DEBUG] [cn.engadget.com] http request url: http://cn.engadget.com/2011/10/01/mipow-power-tube-ipad-2-juice-case/
Sun Oct 02 2011 21:35:48 GMT+0800 (CST) [urlopen] [INFO] [cn.engadget.com] using keep-alive connection
Sun Oct 02 2011 21:35:48 GMT+0800 (CST) [urlopen] [DEBUG] [cn.engadget.com] http request url: http://cn.engadget.com/2011/10/01/samsung-announces-the-series-7-all-in-one-its-first-desktop-for/
Sun Oct 02 2011 21:35:48 GMT+0800 (CST) [urlopen] [INFO] [cn.engadget.com] using keep-alive connection
Sun Oct 02 2011 21:35:48 GMT+0800 (CST) [urlopen] [DEBUG] [cn.engadget.com] http request url: http://cn.engadget.com/2011/10/01/lenovo-thinkpad-tablet-hk-launch-hands-on/
Sun Oct 02 2011 21:35:48 GMT+0800 (CST) [urlopen] [INFO] [cn.engadget.com] using keep-alive connection
Sun Oct 02 2011 21:35:48 GMT+0800 (CST) [urlopen] [DEBUG] [cn.engadget.com] http request url: http://cn.engadget.com/2011/09/30/new-nfc-spec-enables-two-way-communication-potentially-makes-bu/
Sun Oct 02 2011 21:35:48 GMT+0800 (CST) [urlopen] [INFO] [cn.engadget.com] using keep-alive connection
Sun Oct 02 2011 21:35:48 GMT+0800 (CST) [urlopen] [DEBUG] [cn.engadget.com] http request url: http://cn.engadget.com/2011/09/30/lacies-laplug-turns-your-usb-hdd-into-a-network-storage-device/
Sun Oct 02 2011 21:35:48 GMT+0800 (CST) [urlopen] [INFO] [cn.engadget.com] using keep-alive connection
Sun Oct 02 2011 21:35:48 GMT+0800 (CST) [urlopen] [DEBUG] [cn.engadget.com] http request url: http://cn.engadget.com/2011/09/30/htc-holiday-hits-the-fcc-spotted-australian/
Sun Oct 02 2011 21:35:48 GMT+0800 (CST) [urlopen] [INFO] [cn.engadget.com] using keep-alive connection
Sun Oct 02 2011 21:35:48 GMT+0800 (CST) [urlopen] [DEBUG] [cn.engadget.com] http request url: http://cn.engadget.com/2011/09/30/m0-edifier-ipod-iphone-edtion/
Sun Oct 02 2011 21:35:48 GMT+0800 (CST) [urlopen] [INFO] [cn.engadget.com] using keep-alive connection
Sun Oct 02 2011 21:35:48 GMT+0800 (CST) [urlopen] [DEBUG] [cn.engadget.com] http request url: http://cn.engadget.com/2011/09/30/flickr-unveils-android-app-introduces-real-time-photo-session-f/
Sun Oct 02 2011 21:35:48 GMT+0800 (CST) [urlopen] [INFO] [cn.engadget.com] using keep-alive connection
Sun Oct 02 2011 21:35:48 GMT+0800 (CST) [urlopen] [DEBUG] [cn.engadget.com] http request url: http://cn.engadget.com/2011/09/30/indias-35-tablet-said-to-ship-in-october-do-dreams-really-com/
Sun Oct 02 2011 21:35:48 GMT+0800 (CST) [urlopen] [INFO] [cn.engadget.com] using keep-alive connection
Sun Oct 02 2011 21:35:48 GMT+0800 (CST) [urlopen] [DEBUG] [cn.engadget.com] http request url: http://cn.engadget.com/2011/09/30/ex-chairman-of-sony-joins-lenovo-board-of-directors/
Sun Oct 02 2011 21:35:48 GMT+0800 (CST) [urlopen] [INFO] [cn.engadget.com] using keep-alive connection
Sun Oct 02 2011 21:35:48 GMT+0800 (CST) [urlopen] [DEBUG] [cn.engadget.com] http request url: http://cn.engadget.com/2011/09/30/the-nokia-contraction-continues-3-500-further-job-losses-and-mo/
Sun Oct 02 2011 21:35:48 GMT+0800 (CST) [urlopen] [INFO] [cn.engadget.com] using keep-alive connection
Sun Oct 02 2011 21:35:48 GMT+0800 (CST) [urlopen] [DEBUG] [cn.engadget.com] http request url: http://cn.engadget.com/2011/09/30/dell-confirms-xps-14z-china-sale-usa-too/
Sun Oct 02 2011 21:35:48 GMT+0800 (CST) [urlopen] [INFO] [cn.engadget.com] using keep-alive connection
Sun Oct 02 2011 21:35:48 GMT+0800 (CST) [urlopen] [DEBUG] [cn.engadget.com] http request url: http://cn.engadget.com/2011/09/30/sharps-aquos-phone-102sh-brings-3d-qhd-display-12-megapixel-cm/
Sun Oct 02 2011 21:35:48 GMT+0800 (CST) [urlopen] [INFO] [cn.engadget.com] using keep-alive connection
Sun Oct 02 2011 21:35:48 GMT+0800 (CST) [urlopen] [DEBUG] [cn.engadget.com] http request url: http://cn.engadget.com/2011/09/29/iphone-5-cases-and-realistic-unibody-dummy-show-off-incredible-s/
Sun Oct 02 2011 21:35:48 GMT+0800 (CST) [urlopen] [INFO] [cn.engadget.com] using keep-alive connection
Sun Oct 02 2011 21:35:48 GMT+0800 (CST) [urlopen] [DEBUG] [cn.engadget.com] http request url: http://cn.engadget.com/2011/09/29/mitsubishi-electric-to-build-worlds-fastest-elevator-usher-in/
Sun Oct 02 2011 21:35:48 GMT+0800 (CST) [urlopen] [INFO] [cn.engadget.com] using keep-alive connection
Sun Oct 02 2011 21:35:48 GMT+0800 (CST) [urlopen] [DEBUG] [cn.engadget.com] http request url: http://cn.engadget.com/2011/09/29/metropcs-takes-a-good-look-in-the-mirror-unveils-the-lg-esteem/
Sun Oct 02 2011 21:35:48 GMT+0800 (CST) [urlopen] [INFO] [cn.engadget.com] using keep-alive connection
Sun Oct 02 2011 21:35:48 GMT+0800 (CST) [urlopen] [DEBUG] [cn.engadget.com] http request url: http://cn.engadget.com/2011/09/29/macworld-asia-iphone-5-hspa/
Sun Oct 02 2011 21:35:48 GMT+0800 (CST) [urlopen] [INFO] [cn.engadget.com] using keep-alive connection
Sun Oct 02 2011 21:35:48 GMT+0800 (CST) [urlopen] [DEBUG] [cn.engadget.com] http request url: http://cn.engadget.com/2011/09/29/skype-update-for-ios-adds-anti-shake-bluetooth-connectivity-and/
Sun Oct 02 2011 21:35:48 GMT+0800 (CST) [urlopen] [INFO] [cn.engadget.com] using keep-alive connection
Sun Oct 02 2011 21:35:48 GMT+0800 (CST) [urlopen] [DEBUG] [cn.engadget.com] http request url: http://cn.engadget.com/2011/09/29/htc-radar-launch-in-hk-we-eat-on/
Sun Oct 02 2011 21:35:48 GMT+0800 (CST) [urlopen] [INFO] [cn.engadget.com] using keep-alive connection
Sun Oct 02 2011 21:35:48 GMT+0800 (CST) [urlopen] [DEBUG] [cn.engadget.com] http request url: http://cn.engadget.com/2011/09/29/microsoft-and-samsung-sitting-in-a-tree-patent-s-h-a-r-i-n-g/
Sun Oct 02 2011 21:35:48 GMT+0800 (CST) [urlopen] [INFO] [cn.engadget.com] using keep-alive connection
Sun Oct 02 2011 21:35:48 GMT+0800 (CST) [urlopen] [DEBUG] [cn.engadget.com] http request url: http://cn.engadget.com/2011/09/29/disney-launches-two-new-android-smartphones-mouse-ears-not-incl/
Sun Oct 02 2011 21:35:48 GMT+0800 (CST) [urlopen] [INFO] [cn.engadget.com] using keep-alive connection
Sun Oct 02 2011 21:35:48 GMT+0800 (CST) [urlopen] [DEBUG] [cn.engadget.com] http request url: http://cn.engadget.com/2011/09/29/ifixit-busts-apples-thunderbolt-display-wide-open-no-creamy-ce/
Sun Oct 02 2011 21:35:48 GMT+0800 (CST) [urlopen] [INFO] [cn.engadget.com] using keep-alive connection
Sun Oct 02 2011 21:35:48 GMT+0800 (CST) [urlopen] [DEBUG] [cn.engadget.com] http request url: http://cn.engadget.com/2011/09/29/amazon-kindle-family-portrait/
Sun Oct 02 2011 21:35:48 GMT+0800 (CST) [urlopen] [INFO] [cn.engadget.com] using keep-alive connection
Sun Oct 02 2011 21:35:48 GMT+0800 (CST) [urlopen] [DEBUG] [cn.engadget.com] http request url: http://cn.engadget.com/2011/09/29/android-ice-cream-sandwich-nexus-s-2-min-video-leaked/
Sun Oct 02 2011 21:35:48 GMT+0800 (CST) [urlopen] [INFO] [cn.engadget.com] using keep-alive connection
Sun Oct 02 2011 21:35:48 GMT+0800 (CST) [urlopen] [DEBUG] [cn.engadget.com] http request url: http://cn.engadget.com/2011/09/29/amazon-kindle-fire-vs-blackberry-playbook/
Sun Oct 02 2011 21:35:48 GMT+0800 (CST) [urlopen] [INFO] [cn.engadget.com] using keep-alive connection
Sun Oct 02 2011 21:35:48 GMT+0800 (CST) [urlopen] [DEBUG] [cn.engadget.com] http request url: http://cn.engadget.com/2011/09/29/toshiba-adds-23-inch-dx735-to-its-multitouch-all-in-one-family/
Sun Oct 02 2011 21:35:48 GMT+0800 (CST) [urlopen] [INFO] [cn.engadget.com] using keep-alive connection
Sun Oct 02 2011 21:35:48 GMT+0800 (CST) [urlopen] [DEBUG] [cn.engadget.com] http request url: http://cn.engadget.com/2011/09/29/hitachi-maxell-qi-ipad-2-wp-cp10a/
Sun Oct 02 2011 21:35:48 GMT+0800 (CST) [urlopen] [INFO] [cn.engadget.com] using keep-alive connection
Sun Oct 02 2011 21:35:48 GMT+0800 (CST) [urlopen] [DEBUG] [cn.engadget.com] http request url: http://cn.engadget.com/2011/09/28/toshiba-7-thrive-announced/
Sun Oct 02 2011 21:35:48 GMT+0800 (CST) [urlopen] [INFO] [cn.engadget.com] using keep-alive connection
Sun Oct 02 2011 21:35:48 GMT+0800 (CST) [urlopen] [DEBUG] [cn.engadget.com] http request url: http://cn.engadget.com/2011/09/28/acer-aspire-ultrabook-s3-officially-announced-starts-at-799-euro/
Sun Oct 02 2011 21:35:48 GMT+0800 (CST) [urlopen] [INFO] [cn.engadget.com] using keep-alive connection
Sun Oct 02 2011 21:35:48 GMT+0800 (CST) [urlopen] [DEBUG] [cn.engadget.com] http request url: http://cn.engadget.com/2011/09/28/meego-to-be-folded-into-linux-based-tizen-os-slated-to-arrive-i/
Sun Oct 02 2011 21:35:48 GMT+0800 (CST) [urlopen] [INFO] [cn.engadget.com] using keep-alive connection
Sun Oct 02 2011 21:35:48 GMT+0800 (CST) [urlopen] [DEBUG] [cn.engadget.com] http request url: http://cn.engadget.com/2011/09/28/ipod-shuffle-ipod-classic/
Sun Oct 02 2011 21:35:48 GMT+0800 (CST) [urlopen] [INFO] [cn.engadget.com] using keep-alive connection
Sun Oct 02 2011 21:35:48 GMT+0800 (CST) [urlopen] [DEBUG] [cn.engadget.com] http request url: http://cn.engadget.com/2011/09/28/hitachis-4-5-inch-ips-hd-display-delivers-329ppi-on-the-cheap-c/
Sun Oct 02 2011 21:42:13 GMT+0800 (CST) [urlopen] [INFO] [cn.engadget.com] using keep-alive connection
Sun Oct 02 2011 21:42:13 GMT+0800 (CST) [urlopen] [DEBUG] [cn.engadget.com] http request url: http://cn.engadget.com/2011/10/02/is-this-apples-cheaper-iphone-4/
Sun Oct 02 2011 21:42:13 GMT+0800 (CST) [urlopen] [INFO] [cn.engadget.com] using keep-alive connection
Sun Oct 02 2011 21:42:13 GMT+0800 (CST) [urlopen] [DEBUG] [cn.engadget.com] http request url: http://cn.engadget.com/2011/10/02/kodaks-waterproof-playfull-records-your-pool-parties-in-720p-l/
Sun Oct 02 2011 21:42:13 GMT+0800 (CST) [urlopen] [INFO] [cn.engadget.com] using keep-alive connection
Sun Oct 02 2011 21:42:13 GMT+0800 (CST) [urlopen] [DEBUG] [cn.engadget.com] http request url: http://cn.engadget.com/2011/10/02/iphone-5-4s-placeholders-pop-up-at-cincinnati-bell-questionab/
Sun Oct 02 2011 21:42:13 GMT+0800 (CST) [urlopen] [INFO] [cn.engadget.com] using keep-alive connection
Sun Oct 02 2011 21:42:13 GMT+0800 (CST) [urlopen] [DEBUG] [cn.engadget.com] http request url: http://cn.engadget.com/2011/10/01/samsung-releases-1-5ghz-exynos-processor-and-16mp-cmos-for-mobil/
Sun Oct 02 2011 21:42:13 GMT+0800 (CST) [urlopen] [INFO] [cn.engadget.com] using keep-alive connection
Sun Oct 02 2011 21:42:13 GMT+0800 (CST) [urlopen] [DEBUG] [cn.engadget.com] http request url: http://cn.engadget.com/2011/10/01/sony-ericsson-live-with-walkman-review/
Sun Oct 02 2011 21:42:13 GMT+0800 (CST) [urlopen] [INFO] [cn.engadget.com] using keep-alive connection
Sun Oct 02 2011 21:42:13 GMT+0800 (CST) [urlopen] [DEBUG] [cn.engadget.com] http request url: http://cn.engadget.com/2011/10/01/sharps-aquos-104sh-monster-phone-hits-softbank-next-spring-col/
Sun Oct 02 2011 21:42:13 GMT+0800 (CST) [urlopen] [INFO] [cn.engadget.com] using keep-alive connection
Sun Oct 02 2011 21:42:13 GMT+0800 (CST) [urlopen] [DEBUG] [cn.engadget.com] http request url: http://cn.engadget.com/2011/10/01/nokia-passes-off-symbian-and-2-300-employees-to-accenture/
Sun Oct 02 2011 21:42:13 GMT+0800 (CST) [urlopen] [INFO] [cn.engadget.com] using keep-alive connection
Sun Oct 02 2011 21:42:13 GMT+0800 (CST) [urlopen] [DEBUG] [cn.engadget.com] http request url: http://cn.engadget.com/2011/10/01/griffins-multidock-system-charges-and-syncs-up-to-30-ipads-at-o/
Sun Oct 02 2011 21:42:13 GMT+0800 (CST) [urlopen] [INFO] [cn.engadget.com] using keep-alive connection
Sun Oct 02 2011 21:42:13 GMT+0800 (CST) [urlopen] [DEBUG] [cn.engadget.com] http request url: http://cn.engadget.com/2011/10/01/mipow-power-tube-ipad-2-juice-case/
Sun Oct 02 2011 21:42:13 GMT+0800 (CST) [urlopen] [INFO] [cn.engadget.com] using keep-alive connection
Sun Oct 02 2011 21:42:13 GMT+0800 (CST) [urlopen] [DEBUG] [cn.engadget.com] http request url: http://cn.engadget.com/2011/10/01/samsung-announces-the-series-7-all-in-one-its-first-desktop-for/
Sun Oct 02 2011 21:42:13 GMT+0800 (CST) [urlopen] [INFO] [cn.engadget.com] using keep-alive connection
Sun Oct 02 2011 21:42:13 GMT+0800 (CST) [urlopen] [DEBUG] [cn.engadget.com] http request url: http://cn.engadget.com/2011/10/01/lenovo-thinkpad-tablet-hk-launch-hands-on/
Sun Oct 02 2011 21:42:13 GMT+0800 (CST) [urlopen] [INFO] [cn.engadget.com] using keep-alive connection
Sun Oct 02 2011 21:42:13 GMT+0800 (CST) [urlopen] [DEBUG] [cn.engadget.com] http request url: http://cn.engadget.com/2011/09/30/new-nfc-spec-enables-two-way-communication-potentially-makes-bu/
Sun Oct 02 2011 21:42:13 GMT+0800 (CST) [urlopen] [INFO] [cn.engadget.com] using keep-alive connection
Sun Oct 02 2011 21:42:13 GMT+0800 (CST) [urlopen] [DEBUG] [cn.engadget.com] http request url: http://cn.engadget.com/2011/09/30/lacies-laplug-turns-your-usb-hdd-into-a-network-storage-device/
Sun Oct 02 2011 21:42:13 GMT+0800 (CST) [urlopen] [INFO] [cn.engadget.com] using keep-alive connection
Sun Oct 02 2011 21:42:13 GMT+0800 (CST) [urlopen] [DEBUG] [cn.engadget.com] http request url: http://cn.engadget.com/2011/09/30/htc-holiday-hits-the-fcc-spotted-australian/
Sun Oct 02 2011 21:42:13 GMT+0800 (CST) [urlopen] [INFO] [cn.engadget.com] using keep-alive connection
Sun Oct 02 2011 21:42:13 GMT+0800 (CST) [urlopen] [DEBUG] [cn.engadget.com] http request url: http://cn.engadget.com/2011/09/30/m0-edifier-ipod-iphone-edtion/
Sun Oct 02 2011 21:42:13 GMT+0800 (CST) [urlopen] [INFO] [cn.engadget.com] using keep-alive connection
Sun Oct 02 2011 21:42:13 GMT+0800 (CST) [urlopen] [DEBUG] [cn.engadget.com] http request url: http://cn.engadget.com/2011/09/30/flickr-unveils-android-app-introduces-real-time-photo-session-f/
Sun Oct 02 2011 21:42:13 GMT+0800 (CST) [urlopen] [INFO] [cn.engadget.com] using keep-alive connection
Sun Oct 02 2011 21:42:13 GMT+0800 (CST) [urlopen] [DEBUG] [cn.engadget.com] http request url: http://cn.engadget.com/2011/09/30/indias-35-tablet-said-to-ship-in-october-do-dreams-really-com/
Sun Oct 02 2011 21:42:13 GMT+0800 (CST) [urlopen] [INFO] [cn.engadget.com] using keep-alive connection
Sun Oct 02 2011 21:42:13 GMT+0800 (CST) [urlopen] [DEBUG] [cn.engadget.com] http request url: http://cn.engadget.com/2011/09/30/ex-chairman-of-sony-joins-lenovo-board-of-directors/
Sun Oct 02 2011 21:42:13 GMT+0800 (CST) [urlopen] [INFO] [cn.engadget.com] using keep-alive connection
Sun Oct 02 2011 21:42:13 GMT+0800 (CST) [urlopen] [DEBUG] [cn.engadget.com] http request url: http://cn.engadget.com/2011/09/30/the-nokia-contraction-continues-3-500-further-job-losses-and-mo/
Sun Oct 02 2011 21:42:13 GMT+0800 (CST) [urlopen] [INFO] [cn.engadget.com] using keep-alive connection
Sun Oct 02 2011 21:42:13 GMT+0800 (CST) [urlopen] [DEBUG] [cn.engadget.com] http request url: http://cn.engadget.com/2011/09/30/dell-confirms-xps-14z-china-sale-usa-too/
Sun Oct 02 2011 21:42:13 GMT+0800 (CST) [urlopen] [INFO] [cn.engadget.com] using keep-alive connection
Sun Oct 02 2011 21:42:13 GMT+0800 (CST) [urlopen] [DEBUG] [cn.engadget.com] http request url: http://cn.engadget.com/2011/09/30/sharps-aquos-phone-102sh-brings-3d-qhd-display-12-megapixel-cm/
Sun Oct 02 2011 21:42:13 GMT+0800 (CST) [urlopen] [INFO] [cn.engadget.com] using keep-alive connection
Sun Oct 02 2011 21:42:13 GMT+0800 (CST) [urlopen] [DEBUG] [cn.engadget.com] http request url: http://cn.engadget.com/2011/09/29/iphone-5-cases-and-realistic-unibody-dummy-show-off-incredible-s/
Sun Oct 02 2011 21:42:13 GMT+0800 (CST) [urlopen] [INFO] [cn.engadget.com] using keep-alive connection
Sun Oct 02 2011 21:42:13 GMT+0800 (CST) [urlopen] [DEBUG] [cn.engadget.com] http request url: http://cn.engadget.com/2011/09/29/mitsubishi-electric-to-build-worlds-fastest-elevator-usher-in/
Sun Oct 02 2011 21:42:13 GMT+0800 (CST) [urlopen] [INFO] [cn.engadget.com] using keep-alive connection
Sun Oct 02 2011 21:42:13 GMT+0800 (CST) [urlopen] [DEBUG] [cn.engadget.com] http request url: http://cn.engadget.com/2011/09/29/metropcs-takes-a-good-look-in-the-mirror-unveils-the-lg-esteem/
Sun Oct 02 2011 21:42:13 GMT+0800 (CST) [urlopen] [INFO] [cn.engadget.com] using keep-alive connection
Sun Oct 02 2011 21:42:13 GMT+0800 (CST) [urlopen] [DEBUG] [cn.engadget.com] http request url: http://cn.engadget.com/2011/09/29/macworld-asia-iphone-5-hspa/
Sun Oct 02 2011 21:42:13 GMT+0800 (CST) [urlopen] [INFO] [cn.engadget.com] using keep-alive connection
Sun Oct 02 2011 21:42:13 GMT+0800 (CST) [urlopen] [DEBUG] [cn.engadget.com] http request url: http://cn.engadget.com/2011/09/29/skype-update-for-ios-adds-anti-shake-bluetooth-connectivity-and/
Sun Oct 02 2011 21:42:13 GMT+0800 (CST) [urlopen] [INFO] [cn.engadget.com] using keep-alive connection
Sun Oct 02 2011 21:42:13 GMT+0800 (CST) [urlopen] [DEBUG] [cn.engadget.com] http request url: http://cn.engadget.com/2011/09/29/htc-radar-launch-in-hk-we-eat-on/
Sun Oct 02 2011 21:42:13 GMT+0800 (CST) [urlopen] [INFO] [cn.engadget.com] using keep-alive connection
Sun Oct 02 2011 21:42:13 GMT+0800 (CST) [urlopen] [DEBUG] [cn.engadget.com] http request url: http://cn.engadget.com/2011/09/29/microsoft-and-samsung-sitting-in-a-tree-patent-s-h-a-r-i-n-g/
Sun Oct 02 2011 21:42:13 GMT+0800 (CST) [urlopen] [INFO] [cn.engadget.com] using keep-alive connection
Sun Oct 02 2011 21:42:13 GMT+0800 (CST) [urlopen] [DEBUG] [cn.engadget.com] http request url: http://cn.engadget.com/2011/09/29/disney-launches-two-new-android-smartphones-mouse-ears-not-incl/
Sun Oct 02 2011 21:42:13 GMT+0800 (CST) [urlopen] [INFO] [cn.engadget.com] using keep-alive connection
Sun Oct 02 2011 21:42:13 GMT+0800 (CST) [urlopen] [DEBUG] [cn.engadget.com] http request url: http://cn.engadget.com/2011/09/29/ifixit-busts-apples-thunderbolt-display-wide-open-no-creamy-ce/
Sun Oct 02 2011 21:42:13 GMT+0800 (CST) [urlopen] [INFO] [cn.engadget.com] using keep-alive connection
Sun Oct 02 2011 21:42:13 GMT+0800 (CST) [urlopen] [DEBUG] [cn.engadget.com] http request url: http://cn.engadget.com/2011/09/29/amazon-kindle-family-portrait/
Sun Oct 02 2011 21:42:13 GMT+0800 (CST) [urlopen] [INFO] [cn.engadget.com] using keep-alive connection
Sun Oct 02 2011 21:42:13 GMT+0800 (CST) [urlopen] [DEBUG] [cn.engadget.com] http request url: http://cn.engadget.com/2011/09/29/android-ice-cream-sandwich-nexus-s-2-min-video-leaked/
Sun Oct 02 2011 21:42:13 GMT+0800 (CST) [urlopen] [INFO] [cn.engadget.com] using keep-alive connection
Sun Oct 02 2011 21:42:13 GMT+0800 (CST) [urlopen] [DEBUG] [cn.engadget.com] http request url: http://cn.engadget.com/2011/09/29/amazon-kindle-fire-vs-blackberry-playbook/
Sun Oct 02 2011 21:42:13 GMT+0800 (CST) [urlopen] [INFO] [cn.engadget.com] using keep-alive connection
Sun Oct 02 2011 21:42:13 GMT+0800 (CST) [urlopen] [DEBUG] [cn.engadget.com] http request url: http://cn.engadget.com/2011/09/29/toshiba-adds-23-inch-dx735-to-its-multitouch-all-in-one-family/
Sun Oct 02 2011 21:42:13 GMT+0800 (CST) [urlopen] [INFO] [cn.engadget.com] using keep-alive connection
Sun Oct 02 2011 21:42:13 GMT+0800 (CST) [urlopen] [DEBUG] [cn.engadget.com] http request url: http://cn.engadget.com/2011/09/29/hitachi-maxell-qi-ipad-2-wp-cp10a/
Sun Oct 02 2011 21:42:13 GMT+0800 (CST) [urlopen] [INFO] [cn.engadget.com] using keep-alive connection
Sun Oct 02 2011 21:42:13 GMT+0800 (CST) [urlopen] [DEBUG] [cn.engadget.com] http request url: http://cn.engadget.com/2011/09/28/toshiba-7-thrive-announced/
Sun Oct 02 2011 21:42:13 GMT+0800 (CST) [urlopen] [INFO] [cn.engadget.com] using keep-alive connection
Sun Oct 02 2011 21:42:13 GMT+0800 (CST) [urlopen] [DEBUG] [cn.engadget.com] http request url: http://cn.engadget.com/2011/09/28/acer-aspire-ultrabook-s3-officially-announced-starts-at-799-euro/
Sun Oct 02 2011 21:42:13 GMT+0800 (CST) [urlopen] [INFO] [cn.engadget.com] using keep-alive connection
Sun Oct 02 2011 21:42:13 GMT+0800 (CST) [urlopen] [DEBUG] [cn.engadget.com] http request url: http://cn.engadget.com/2011/09/28/meego-to-be-folded-into-linux-based-tizen-os-slated-to-arrive-i/
Sun Oct 02 2011 21:42:13 GMT+0800 (CST) [urlopen] [INFO] [cn.engadget.com] using keep-alive connection
Sun Oct 02 2011 21:42:13 GMT+0800 (CST) [urlopen] [DEBUG] [cn.engadget.com] http request url: http://cn.engadget.com/2011/09/28/ipod-shuffle-ipod-classic/
Sun Oct 02 2011 21:42:13 GMT+0800 (CST) [urlopen] [INFO] [cn.engadget.com] using keep-alive connection
Sun Oct 02 2011 21:42:13 GMT+0800 (CST) [urlopen] [DEBUG] [cn.engadget.com] http request url: http://cn.engadget.com/2011/09/28/hitachis-4-5-inch-ips-hd-display-delivers-329ppi-on-the-cheap-c/
Sun Oct 02 2011 21:50:16 GMT+0800 (CST) [urlopen] [INFO] [cn.engadget.com] using keep-alive connection
Sun Oct 02 2011 21:50:16 GMT+0800 (CST) [urlopen] [DEBUG] [cn.engadget.com] http request url: http://cn.engadget.com/2011/10/02/is-this-apples-cheaper-iphone-4/
Sun Oct 02 2011 21:50:16 GMT+0800 (CST) [urlopen] [INFO] [cn.engadget.com] using keep-alive connection
Sun Oct 02 2011 21:50:16 GMT+0800 (CST) [urlopen] [DEBUG] [cn.engadget.com] http request url: http://cn.engadget.com/2011/10/02/kodaks-waterproof-playfull-records-your-pool-parties-in-720p-l/
Sun Oct 02 2011 21:50:16 GMT+0800 (CST) [urlopen] [INFO] [cn.engadget.com] using keep-alive connection
Sun Oct 02 2011 21:50:16 GMT+0800 (CST) [urlopen] [DEBUG] [cn.engadget.com] http request url: http://cn.engadget.com/2011/10/02/iphone-5-4s-placeholders-pop-up-at-cincinnati-bell-questionab/
Sun Oct 02 2011 21:50:16 GMT+0800 (CST) [urlopen] [INFO] [cn.engadget.com] using keep-alive connection
Sun Oct 02 2011 21:50:16 GMT+0800 (CST) [urlopen] [DEBUG] [cn.engadget.com] http request url: http://cn.engadget.com/2011/10/01/samsung-releases-1-5ghz-exynos-processor-and-16mp-cmos-for-mobil/
Sun Oct 02 2011 21:50:16 GMT+0800 (CST) [urlopen] [INFO] [cn.engadget.com] using keep-alive connection
Sun Oct 02 2011 21:50:16 GMT+0800 (CST) [urlopen] [DEBUG] [cn.engadget.com] http request url: http://cn.engadget.com/2011/10/01/sony-ericsson-live-with-walkman-review/
Sun Oct 02 2011 21:50:16 GMT+0800 (CST) [urlopen] [INFO] [cn.engadget.com] using keep-alive connection
Sun Oct 02 2011 21:50:16 GMT+0800 (CST) [urlopen] [DEBUG] [cn.engadget.com] http request url: http://cn.engadget.com/2011/10/01/sharps-aquos-104sh-monster-phone-hits-softbank-next-spring-col/
Sun Oct 02 2011 21:50:16 GMT+0800 (CST) [urlopen] [INFO] [cn.engadget.com] using keep-alive connection
Sun Oct 02 2011 21:50:16 GMT+0800 (CST) [urlopen] [DEBUG] [cn.engadget.com] http request url: http://cn.engadget.com/2011/10/01/nokia-passes-off-symbian-and-2-300-employees-to-accenture/
Sun Oct 02 2011 21:50:16 GMT+0800 (CST) [urlopen] [INFO] [cn.engadget.com] using keep-alive connection
Sun Oct 02 2011 21:50:16 GMT+0800 (CST) [urlopen] [DEBUG] [cn.engadget.com] http request url: http://cn.engadget.com/2011/10/01/griffins-multidock-system-charges-and-syncs-up-to-30-ipads-at-o/
Sun Oct 02 2011 21:50:16 GMT+0800 (CST) [urlopen] [INFO] [cn.engadget.com] using keep-alive connection
Sun Oct 02 2011 21:50:16 GMT+0800 (CST) [urlopen] [DEBUG] [cn.engadget.com] http request url: http://cn.engadget.com/2011/10/01/mipow-power-tube-ipad-2-juice-case/
Sun Oct 02 2011 21:50:16 GMT+0800 (CST) [urlopen] [INFO] [cn.engadget.com] using keep-alive connection
Sun Oct 02 2011 21:50:16 GMT+0800 (CST) [urlopen] [DEBUG] [cn.engadget.com] http request url: http://cn.engadget.com/2011/10/01/samsung-announces-the-series-7-all-in-one-its-first-desktop-for/
Sun Oct 02 2011 21:50:16 GMT+0800 (CST) [urlopen] [INFO] [cn.engadget.com] using keep-alive connection
Sun Oct 02 2011 21:50:16 GMT+0800 (CST) [urlopen] [DEBUG] [cn.engadget.com] http request url: http://cn.engadget.com/2011/10/01/lenovo-thinkpad-tablet-hk-launch-hands-on/
Sun Oct 02 2011 21:50:16 GMT+0800 (CST) [urlopen] [INFO] [cn.engadget.com] using keep-alive connection
Sun Oct 02 2011 21:50:16 GMT+0800 (CST) [urlopen] [DEBUG] [cn.engadget.com] http request url: http://cn.engadget.com/2011/09/30/new-nfc-spec-enables-two-way-communication-potentially-makes-bu/
Sun Oct 02 2011 21:50:16 GMT+0800 (CST) [urlopen] [INFO] [cn.engadget.com] using keep-alive connection
Sun Oct 02 2011 21:50:16 GMT+0800 (CST) [urlopen] [DEBUG] [cn.engadget.com] http request url: http://cn.engadget.com/2011/09/30/lacies-laplug-turns-your-usb-hdd-into-a-network-storage-device/
Sun Oct 02 2011 21:50:16 GMT+0800 (CST) [urlopen] [INFO] [cn.engadget.com] using keep-alive connection
Sun Oct 02 2011 21:50:16 GMT+0800 (CST) [urlopen] [DEBUG] [cn.engadget.com] http request url: http://cn.engadget.com/2011/09/30/htc-holiday-hits-the-fcc-spotted-australian/
Sun Oct 02 2011 21:50:16 GMT+0800 (CST) [urlopen] [INFO] [cn.engadget.com] using keep-alive connection
Sun Oct 02 2011 21:50:16 GMT+0800 (CST) [urlopen] [DEBUG] [cn.engadget.com] http request url: http://cn.engadget.com/2011/09/30/m0-edifier-ipod-iphone-edtion/
Sun Oct 02 2011 21:50:16 GMT+0800 (CST) [urlopen] [INFO] [cn.engadget.com] using keep-alive connection
Sun Oct 02 2011 21:50:16 GMT+0800 (CST) [urlopen] [DEBUG] [cn.engadget.com] http request url: http://cn.engadget.com/2011/09/30/flickr-unveils-android-app-introduces-real-time-photo-session-f/
Sun Oct 02 2011 21:50:16 GMT+0800 (CST) [urlopen] [INFO] [cn.engadget.com] using keep-alive connection
Sun Oct 02 2011 21:50:16 GMT+0800 (CST) [urlopen] [DEBUG] [cn.engadget.com] http request url: http://cn.engadget.com/2011/09/30/indias-35-tablet-said-to-ship-in-october-do-dreams-really-com/
Sun Oct 02 2011 21:50:16 GMT+0800 (CST) [urlopen] [INFO] [cn.engadget.com] using keep-alive connection
Sun Oct 02 2011 21:50:16 GMT+0800 (CST) [urlopen] [DEBUG] [cn.engadget.com] http request url: http://cn.engadget.com/2011/09/30/ex-chairman-of-sony-joins-lenovo-board-of-directors/
Sun Oct 02 2011 21:50:16 GMT+0800 (CST) [urlopen] [INFO] [cn.engadget.com] using keep-alive connection
Sun Oct 02 2011 21:50:16 GMT+0800 (CST) [urlopen] [DEBUG] [cn.engadget.com] http request url: http://cn.engadget.com/2011/09/30/the-nokia-contraction-continues-3-500-further-job-losses-and-mo/
Sun Oct 02 2011 21:50:16 GMT+0800 (CST) [urlopen] [INFO] [cn.engadget.com] using keep-alive connection
Sun Oct 02 2011 21:50:16 GMT+0800 (CST) [urlopen] [DEBUG] [cn.engadget.com] http request url: http://cn.engadget.com/2011/09/30/dell-confirms-xps-14z-china-sale-usa-too/
Sun Oct 02 2011 21:50:16 GMT+0800 (CST) [urlopen] [INFO] [cn.engadget.com] using keep-alive connection
Sun Oct 02 2011 21:50:16 GMT+0800 (CST) [urlopen] [DEBUG] [cn.engadget.com] http request url: http://cn.engadget.com/2011/09/30/sharps-aquos-phone-102sh-brings-3d-qhd-display-12-megapixel-cm/
Sun Oct 02 2011 21:50:16 GMT+0800 (CST) [urlopen] [INFO] [cn.engadget.com] using keep-alive connection
Sun Oct 02 2011 21:50:16 GMT+0800 (CST) [urlopen] [DEBUG] [cn.engadget.com] http request url: http://cn.engadget.com/2011/09/29/iphone-5-cases-and-realistic-unibody-dummy-show-off-incredible-s/
Sun Oct 02 2011 21:50:16 GMT+0800 (CST) [urlopen] [INFO] [cn.engadget.com] using keep-alive connection
Sun Oct 02 2011 21:50:16 GMT+0800 (CST) [urlopen] [DEBUG] [cn.engadget.com] http request url: http://cn.engadget.com/2011/09/29/mitsubishi-electric-to-build-worlds-fastest-elevator-usher-in/
Sun Oct 02 2011 21:50:16 GMT+0800 (CST) [urlopen] [INFO] [cn.engadget.com] using keep-alive connection
Sun Oct 02 2011 21:50:16 GMT+0800 (CST) [urlopen] [DEBUG] [cn.engadget.com] http request url: http://cn.engadget.com/2011/09/29/metropcs-takes-a-good-look-in-the-mirror-unveils-the-lg-esteem/
Sun Oct 02 2011 21:50:16 GMT+0800 (CST) [urlopen] [INFO] [cn.engadget.com] using keep-alive connection
Sun Oct 02 2011 21:50:16 GMT+0800 (CST) [urlopen] [DEBUG] [cn.engadget.com] http request url: http://cn.engadget.com/2011/09/29/macworld-asia-iphone-5-hspa/
Sun Oct 02 2011 21:50:16 GMT+0800 (CST) [urlopen] [INFO] [cn.engadget.com] using keep-alive connection
Sun Oct 02 2011 21:50:16 GMT+0800 (CST) [urlopen] [DEBUG] [cn.engadget.com] http request url: http://cn.engadget.com/2011/09/29/skype-update-for-ios-adds-anti-shake-bluetooth-connectivity-and/
Sun Oct 02 2011 21:50:16 GMT+0800 (CST) [urlopen] [INFO] [cn.engadget.com] using keep-alive connection
Sun Oct 02 2011 21:50:16 GMT+0800 (CST) [urlopen] [DEBUG] [cn.engadget.com] http request url: http://cn.engadget.com/2011/09/29/htc-radar-launch-in-hk-we-eat-on/
Sun Oct 02 2011 21:50:16 GMT+0800 (CST) [urlopen] [INFO] [cn.engadget.com] using keep-alive connection
Sun Oct 02 2011 21:50:16 GMT+0800 (CST) [urlopen] [DEBUG] [cn.engadget.com] http request url: http://cn.engadget.com/2011/09/29/microsoft-and-samsung-sitting-in-a-tree-patent-s-h-a-r-i-n-g/
Sun Oct 02 2011 21:50:16 GMT+0800 (CST) [urlopen] [INFO] [cn.engadget.com] using keep-alive connection
Sun Oct 02 2011 21:50:16 GMT+0800 (CST) [urlopen] [DEBUG] [cn.engadget.com] http request url: http://cn.engadget.com/2011/09/29/disney-launches-two-new-android-smartphones-mouse-ears-not-incl/
Sun Oct 02 2011 21:50:16 GMT+0800 (CST) [urlopen] [INFO] [cn.engadget.com] using keep-alive connection
Sun Oct 02 2011 21:50:16 GMT+0800 (CST) [urlopen] [DEBUG] [cn.engadget.com] http request url: http://cn.engadget.com/2011/09/29/ifixit-busts-apples-thunderbolt-display-wide-open-no-creamy-ce/
Sun Oct 02 2011 21:50:16 GMT+0800 (CST) [urlopen] [INFO] [cn.engadget.com] using keep-alive connection
Sun Oct 02 2011 21:50:16 GMT+0800 (CST) [urlopen] [DEBUG] [cn.engadget.com] http request url: http://cn.engadget.com/2011/09/29/amazon-kindle-family-portrait/
Sun Oct 02 2011 21:50:16 GMT+0800 (CST) [urlopen] [INFO] [cn.engadget.com] using keep-alive connection
Sun Oct 02 2011 21:50:16 GMT+0800 (CST) [urlopen] [DEBUG] [cn.engadget.com] http request url: http://cn.engadget.com/2011/09/29/android-ice-cream-sandwich-nexus-s-2-min-video-leaked/
Sun Oct 02 2011 21:50:16 GMT+0800 (CST) [urlopen] [INFO] [cn.engadget.com] using keep-alive connection
Sun Oct 02 2011 21:50:16 GMT+0800 (CST) [urlopen] [DEBUG] [cn.engadget.com] http request url: http://cn.engadget.com/2011/09/29/amazon-kindle-fire-vs-blackberry-playbook/
Sun Oct 02 2011 21:50:16 GMT+0800 (CST) [urlopen] [INFO] [cn.engadget.com] using keep-alive connection
Sun Oct 02 2011 21:50:16 GMT+0800 (CST) [urlopen] [DEBUG] [cn.engadget.com] http request url: http://cn.engadget.com/2011/09/29/toshiba-adds-23-inch-dx735-to-its-multitouch-all-in-one-family/
Sun Oct 02 2011 21:50:16 GMT+0800 (CST) [urlopen] [INFO] [cn.engadget.com] using keep-alive connection
Sun Oct 02 2011 21:50:16 GMT+0800 (CST) [urlopen] [DEBUG] [cn.engadget.com] http request url: http://cn.engadget.com/2011/09/29/hitachi-maxell-qi-ipad-2-wp-cp10a/
Sun Oct 02 2011 21:50:16 GMT+0800 (CST) [urlopen] [INFO] [cn.engadget.com] using keep-alive connection
Sun Oct 02 2011 21:50:16 GMT+0800 (CST) [urlopen] [DEBUG] [cn.engadget.com] http request url: http://cn.engadget.com/2011/09/28/toshiba-7-thrive-announced/
Sun Oct 02 2011 21:50:16 GMT+0800 (CST) [urlopen] [INFO] [cn.engadget.com] using keep-alive connection
Sun Oct 02 2011 21:50:16 GMT+0800 (CST) [urlopen] [DEBUG] [cn.engadget.com] http request url: http://cn.engadget.com/2011/09/28/acer-aspire-ultrabook-s3-officially-announced-starts-at-799-euro/
Sun Oct 02 2011 21:50:16 GMT+0800 (CST) [urlopen] [INFO] [cn.engadget.com] using keep-alive connection
Sun Oct 02 2011 21:50:16 GMT+0800 (CST) [urlopen] [DEBUG] [cn.engadget.com] http request url: http://cn.engadget.com/2011/09/28/meego-to-be-folded-into-linux-based-tizen-os-slated-to-arrive-i/
Sun Oct 02 2011 21:50:16 GMT+0800 (CST) [urlopen] [INFO] [cn.engadget.com] using keep-alive connection
Sun Oct 02 2011 21:50:16 GMT+0800 (CST) [urlopen] [DEBUG] [cn.engadget.com] http request url: http://cn.engadget.com/2011/09/28/ipod-shuffle-ipod-classic/
Sun Oct 02 2011 21:50:16 GMT+0800 (CST) [urlopen] [INFO] [cn.engadget.com] using keep-alive connection
Sun Oct 02 2011 21:50:16 GMT+0800 (CST) [urlopen] [DEBUG] [cn.engadget.com] http request url: http://cn.engadget.com/2011/09/28/hitachis-4-5-inch-ips-hd-display-delivers-329ppi-on-the-cheap-c/
Fri Oct 07 2011 22:26:39 GMT+0800 (CST) [urlopen] [DEBUG] [cn.engadget.com] http request url: http://cn.engadget.com/2011/10/07/samsung-google-ice-cream-sandwich-galaxy-nexus/
Fri Oct 07 2011 22:26:43 GMT+0800 (CST) [urlopen] [DEBUG] [cn.engadget.com] received content, 66769 B
Fri Oct 07 2011 22:26:43 GMT+0800 (CST) [ce] [DEBUG] [cn.engadget.com] extract(http://cn.engadget.com/2011/10/07/samsung-google-ice-cream-sandwich-galaxy-nexus/)
Fri Oct 07 2011 22:26:43 GMT+0800 (CST) [cache] [INFO] [cn.engadget.com] create non-existing domain directory
Fri Oct 07 2011 22:26:43 GMT+0800 (CST) [filter] [INFO] [cn.engadget.com] create Filter(http://cn.engadget.com/2011/10/07/samsung-google-ice-cream-sandwich-galaxy-nexus/)
Fri Oct 07 2011 22:26:43 GMT+0800 (CST) [filter] [INFO] [cn.engadget.com] no pre-filters to apply
Fri Oct 07 2011 22:26:43 GMT+0800 (CST) [ce] [DEBUG] [cn.engadget.com] callback from preFilter(66769):http://cn.engadget.com/2011/10/07/samsung-google-ice-cream-sandwich-galaxy-nexus/
Fri Oct 07 2011 22:26:44 GMT+0800 (CST) [ce] [DEBUG] [cn.engadget.com] callback from readability.parse(0):http://cn.engadget.com/2011/10/07/samsung-google-ice-cream-sandwich-galaxy-nexus/
Fri Oct 07 2011 22:34:01 GMT+0800 (CST) [urlopen] [DEBUG] [cn.engadget.com] http request url: http://cn.engadget.com/2011/10/07/samsung-google-ice-cream-sandwich-galaxy-nexus/
Fri Oct 07 2011 22:34:01 GMT+0800 (CST) [urlopen] [DEBUG] [cn.engadget.com] http request url: http://cn.engadget.com/2011/10/07/lenovos-wireless-multimedia-remote-with-keyboard-sneaks-our-for/
Fri Oct 07 2011 22:34:01 GMT+0800 (CST) [urlopen] [DEBUG] [cn.engadget.com] http request url: http://cn.engadget.com/2011/10/07/murata-tactile-controller-tv-remote-hands-on-video/
Fri Oct 07 2011 22:34:01 GMT+0800 (CST) [urlopen] [DEBUG] [cn.engadget.com] http request url: http://cn.engadget.com/2011/10/07/google-earth-hits-one-billion-downloads-those-with-fear-of-flyi/
Fri Oct 07 2011 22:34:01 GMT+0800 (CST) [urlopen] [DEBUG] [cn.engadget.com] http request url: http://cn.engadget.com/2011/10/07/fujitsu-lifebook-ah77-e-sh76-e/
Fri Oct 07 2011 22:34:01 GMT+0800 (CST) [urlopen] [DEBUG] [cn.engadget.com] http request url: http://cn.engadget.com/2011/10/07/microsoft-touch-mouse-available-in-taiwan-we-go-hands-on/
Fri Oct 07 2011 22:34:01 GMT+0800 (CST) [urlopen] [DEBUG] [cn.engadget.com] http request url: http://cn.engadget.com/2011/10/07/htc-rhyme-hk-hands-on/
Fri Oct 07 2011 22:34:01 GMT+0800 (CST) [urlopen] [DEBUG] [cn.engadget.com] http request url: http://cn.engadget.com/2011/10/07/is-this-dells-windows-7-peju-tablet/
Fri Oct 07 2011 22:34:01 GMT+0800 (CST) [urlopen] [DEBUG] [cn.engadget.com] http request url: http://cn.engadget.com/2011/10/06/sony-nearing-deal-to-move-cellphone-operations-in-house-buy-out/
Fri Oct 07 2011 22:34:01 GMT+0800 (CST) [urlopen] [DEBUG] [cn.engadget.com] http request url: http://cn.engadget.com/2011/10/06/samsung-galaxy-nexus-specs-leak-headed-to-verizon-as-an-exclusi/
Fri Oct 07 2011 22:34:01 GMT+0800 (CST) [urlopen] [DEBUG] [cn.engadget.com] http request url: http://cn.engadget.com/2011/10/06/edit-panasonic-cockpit-digital-dash-prototype-hands-on-video/
Fri Oct 07 2011 22:34:01 GMT+0800 (CST) [urlopen] [DEBUG] [cn.engadget.com] http request url: http://cn.engadget.com/2011/10/06/cyberdyne-hal-robotic-arm-hands-on-video/
Fri Oct 07 2011 22:34:01 GMT+0800 (CST) [urlopen] [DEBUG] [cn.engadget.com] http request url: http://cn.engadget.com/2011/10/06/mr-stoneip-iphone-4s-iphone-for-steve/
Fri Oct 07 2011 22:34:01 GMT+0800 (CST) [urlopen] [DEBUG] [cn.engadget.com] http request url: http://cn.engadget.com/2011/10/06/google-docs-gets-a-refresh-fills-out-the-screen-for-honeycomb/
Fri Oct 07 2011 22:34:01 GMT+0800 (CST) [urlopen] [DEBUG] [cn.engadget.com] http request url: http://cn.engadget.com/2011/10/06/soon-xbox-companion-will-let-you-control-your-console-from-wind/
Fri Oct 07 2011 22:34:01 GMT+0800 (CST) [urlopen] [DEBUG] [cn.engadget.com] http request url: http://cn.engadget.com/2011/10/06/camera-or-camcorder-jvcs-hybrid-gc-px10-wants-to-be-both/
Fri Oct 07 2011 22:34:01 GMT+0800 (CST) [urlopen] [DEBUG] [cn.engadget.com] http request url: http://cn.engadget.com/2011/10/06/android-on-hp-touchpad-yes-theres-an-app-for-that-video/
Fri Oct 07 2011 22:34:01 GMT+0800 (CST) [urlopen] [DEBUG] [cn.engadget.com] http request url: http://cn.engadget.com/2011/10/06/nec-lavie-touch-hands-on/
Fri Oct 07 2011 22:34:01 GMT+0800 (CST) [urlopen] [DEBUG] [cn.engadget.com] http request url: http://cn.engadget.com/2011/10/06/remembering-steve-jobs-we-all-pay-tribute/
Fri Oct 07 2011 22:34:01 GMT+0800 (CST) [urlopen] [DEBUG] [cn.engadget.com] http request url: http://cn.engadget.com/2011/10/06/steve-jobs-in-his-own-words/
Fri Oct 07 2011 22:34:01 GMT+0800 (CST) [urlopen] [DEBUG] [cn.engadget.com] http request url: http://cn.engadget.com/2011/10/06/uncharted-3-ps3-dualshock-3-hk/
Fri Oct 07 2011 22:34:01 GMT+0800 (CST) [urlopen] [DEBUG] [cn.engadget.com] http request url: http://cn.engadget.com/2011/10/05/fujitsu-arrows-tab-lte-f-01d-with-gesture-control-hands-on-vide/
Fri Oct 07 2011 22:34:01 GMT+0800 (CST) [urlopen] [DEBUG] [cn.engadget.com] http request url: http://cn.engadget.com/2011/10/05/steve-jobs-co-fouder-of-apple-is-dead-at-56/
Fri Oct 07 2011 22:34:01 GMT+0800 (CST) [urlopen] [DEBUG] [cn.engadget.com] http request url: http://cn.engadget.com/2011/10/05/zune-is-dead-long-live-zune/
Fri Oct 07 2011 22:34:01 GMT+0800 (CST) [urlopen] [DEBUG] [cn.engadget.com] http request url: http://cn.engadget.com/2011/10/05/huawei-1-2g-7-mediapad-hands-on/
Fri Oct 07 2011 22:34:01 GMT+0800 (CST) [urlopen] [DEBUG] [cn.engadget.com] http request url: http://cn.engadget.com/2011/10/05/samsung-teases-next-weeks-unpacked-offers-a-momentary-glance/
Fri Oct 07 2011 22:34:01 GMT+0800 (CST) [urlopen] [DEBUG] [cn.engadget.com] http request url: http://cn.engadget.com/2011/10/05/airplay-mirroring-coming-to-iphone-4s-not-just-for-ipads-1/
Fri Oct 07 2011 22:34:01 GMT+0800 (CST) [urlopen] [DEBUG] [cn.engadget.com] http request url: http://cn.engadget.com/2011/10/05/official-iphone-micro-usb-adapter-quietly-sneaks-into-uk-apple-s/
Fri Oct 07 2011 22:34:01 GMT+0800 (CST) [urlopen] [DEBUG] [cn.engadget.com] http request url: http://cn.engadget.com/2011/10/05/iphone-applecare-applecare/
Fri Oct 07 2011 22:34:01 GMT+0800 (CST) [urlopen] [DEBUG] [cn.engadget.com] http request url: http://cn.engadget.com/2011/10/05/sony-tablet-s-hk-hands-on/
Fri Oct 07 2011 22:34:01 GMT+0800 (CST) [urlopen] [DEBUG] [cn.engadget.com] http request url: http://cn.engadget.com/2011/10/05/how-we-view-the-iphone-4s/
Fri Oct 07 2011 22:34:01 GMT+0800 (CST) [urlopen] [DEBUG] [cn.engadget.com] http request url: http://cn.engadget.com/2011/10/04/iphone-4s-vs-iphone-4-the-tale-of-the-tape/
Fri Oct 07 2011 22:34:01 GMT+0800 (CST) [urlopen] [DEBUG] [cn.engadget.com] http request url: http://cn.engadget.com/2011/10/04/iphone-4s-hands-on/
Fri Oct 07 2011 22:34:01 GMT+0800 (CST) [urlopen] [DEBUG] [cn.engadget.com] http request url: http://cn.engadget.com/2011/10/04/iphone-8gb-3gs-iphone-4-us-99-4s-us-199/
Fri Oct 07 2011 22:34:01 GMT+0800 (CST) [urlopen] [DEBUG] [cn.engadget.com] http request url: http://cn.engadget.com/2011/10/04/itunes-match-hits-us-end-of-october-for-24-99/
Fri Oct 07 2011 22:34:01 GMT+0800 (CST) [urlopen] [DEBUG] [cn.engadget.com] http request url: http://cn.engadget.com/2011/10/04/apple-brings-siri-voice-control-to-iphone/
Fri Oct 07 2011 22:34:01 GMT+0800 (CST) [urlopen] [DEBUG] [cn.engadget.com] http request url: http://cn.engadget.com/2011/10/04/cards-app-for-iphone-sends-snail-mail-best-wishes-for-a-price/
Fri Oct 07 2011 22:34:01 GMT+0800 (CST) [urlopen] [DEBUG] [cn.engadget.com] http request url: http://cn.engadget.com/2011/10/04/new-ipod-touch-maxes-out-a-64gb-399-available-in-white-octob/
Fri Oct 07 2011 22:34:01 GMT+0800 (CST) [urlopen] [DEBUG] [cn.engadget.com] http request url: http://cn.engadget.com/2011/10/04/apple-announces-find-my-friends-feature-for-ios-5/
Fri Oct 07 2011 22:34:01 GMT+0800 (CST) [urlopen] [DEBUG] [cn.engadget.com] http request url: http://cn.engadget.com/2011/10/04/ios-5-icloud-10-12/
Fri Oct 07 2011 22:34:04 GMT+0800 (CST) [urlopen] [DEBUG] [cn.engadget.com] received content, 58976 B
Fri Oct 07 2011 22:34:04 GMT+0800 (CST) [ce] [DEBUG] [cn.engadget.com] extract(http://cn.engadget.com/2011/10/07/lenovos-wireless-multimedia-remote-with-keyboard-sneaks-our-for/)
Fri Oct 07 2011 22:34:04 GMT+0800 (CST) [filter] [INFO] [cn.engadget.com] create Filter(http://cn.engadget.com/2011/10/07/lenovos-wireless-multimedia-remote-with-keyboard-sneaks-our-for/)
Fri Oct 07 2011 22:34:04 GMT+0800 (CST) [filter] [INFO] [cn.engadget.com] no pre-filters to apply
Fri Oct 07 2011 22:34:04 GMT+0800 (CST) [ce] [DEBUG] [cn.engadget.com] callback from preFilter(58976):http://cn.engadget.com/2011/10/07/lenovos-wireless-multimedia-remote-with-keyboard-sneaks-our-for/
Fri Oct 07 2011 22:34:05 GMT+0800 (CST) [ce] [DEBUG] [cn.engadget.com] callback from readability.parse(0):http://cn.engadget.com/2011/10/07/lenovos-wireless-multimedia-remote-with-keyboard-sneaks-our-for/
Fri Oct 07 2011 22:34:07 GMT+0800 (CST) [urlopen] [DEBUG] [cn.engadget.com] received content, 55920 B
Fri Oct 07 2011 22:34:07 GMT+0800 (CST) [ce] [DEBUG] [cn.engadget.com] extract(http://cn.engadget.com/2011/10/07/fujitsu-lifebook-ah77-e-sh76-e/)
Fri Oct 07 2011 22:34:07 GMT+0800 (CST) [filter] [INFO] [cn.engadget.com] create Filter(http://cn.engadget.com/2011/10/07/fujitsu-lifebook-ah77-e-sh76-e/)
Fri Oct 07 2011 22:34:07 GMT+0800 (CST) [filter] [INFO] [cn.engadget.com] no pre-filters to apply
Fri Oct 07 2011 22:34:07 GMT+0800 (CST) [ce] [DEBUG] [cn.engadget.com] callback from preFilter(55920):http://cn.engadget.com/2011/10/07/fujitsu-lifebook-ah77-e-sh76-e/
Fri Oct 07 2011 22:34:07 GMT+0800 (CST) [ce] [DEBUG] [cn.engadget.com] callback from readability.parse(0):http://cn.engadget.com/2011/10/07/fujitsu-lifebook-ah77-e-sh76-e/
Fri Oct 07 2011 22:34:07 GMT+0800 (CST) [urlopen] [DEBUG] [cn.engadget.com] received content, 55224 B
Fri Oct 07 2011 22:34:07 GMT+0800 (CST) [ce] [DEBUG] [cn.engadget.com] extract(http://cn.engadget.com/2011/10/07/murata-tactile-controller-tv-remote-hands-on-video/)
Fri Oct 07 2011 22:34:07 GMT+0800 (CST) [filter] [INFO] [cn.engadget.com] create Filter(http://cn.engadget.com/2011/10/07/murata-tactile-controller-tv-remote-hands-on-video/)
Fri Oct 07 2011 22:34:07 GMT+0800 (CST) [filter] [INFO] [cn.engadget.com] no pre-filters to apply
Fri Oct 07 2011 22:34:07 GMT+0800 (CST) [ce] [DEBUG] [cn.engadget.com] callback from preFilter(55224):http://cn.engadget.com/2011/10/07/murata-tactile-controller-tv-remote-hands-on-video/
Fri Oct 07 2011 22:34:07 GMT+0800 (CST) [ce] [DEBUG] [cn.engadget.com] callback from readability.parse(0):http://cn.engadget.com/2011/10/07/murata-tactile-controller-tv-remote-hands-on-video/
Fri Oct 07 2011 22:34:07 GMT+0800 (CST) [urlopen] [DEBUG] [cn.engadget.com] received content, 60452 B
Fri Oct 07 2011 22:34:07 GMT+0800 (CST) [ce] [DEBUG] [cn.engadget.com] extract(http://cn.engadget.com/2011/10/07/google-earth-hits-one-billion-downloads-those-with-fear-of-flyi/)
Fri Oct 07 2011 22:34:07 GMT+0800 (CST) [filter] [INFO] [cn.engadget.com] create Filter(http://cn.engadget.com/2011/10/07/google-earth-hits-one-billion-downloads-those-with-fear-of-flyi/)
Fri Oct 07 2011 22:34:07 GMT+0800 (CST) [filter] [INFO] [cn.engadget.com] no pre-filters to apply
Fri Oct 07 2011 22:34:07 GMT+0800 (CST) [ce] [DEBUG] [cn.engadget.com] callback from preFilter(60452):http://cn.engadget.com/2011/10/07/google-earth-hits-one-billion-downloads-those-with-fear-of-flyi/
Fri Oct 07 2011 22:34:08 GMT+0800 (CST) [ce] [DEBUG] [cn.engadget.com] callback from readability.parse(0):http://cn.engadget.com/2011/10/07/google-earth-hits-one-billion-downloads-those-with-fear-of-flyi/
Fri Oct 07 2011 22:34:08 GMT+0800 (CST) [urlopen] [DEBUG] [cn.engadget.com] received content, 66797 B
Fri Oct 07 2011 22:34:08 GMT+0800 (CST) [ce] [DEBUG] [cn.engadget.com] extract(http://cn.engadget.com/2011/10/07/samsung-google-ice-cream-sandwich-galaxy-nexus/)
Fri Oct 07 2011 22:34:08 GMT+0800 (CST) [filter] [INFO] [cn.engadget.com] create Filter(http://cn.engadget.com/2011/10/07/samsung-google-ice-cream-sandwich-galaxy-nexus/)
Fri Oct 07 2011 22:34:08 GMT+0800 (CST) [filter] [INFO] [cn.engadget.com] no pre-filters to apply
Fri Oct 07 2011 22:34:08 GMT+0800 (CST) [ce] [DEBUG] [cn.engadget.com] callback from preFilter(66797):http://cn.engadget.com/2011/10/07/samsung-google-ice-cream-sandwich-galaxy-nexus/
Fri Oct 07 2011 22:34:08 GMT+0800 (CST) [ce] [DEBUG] [cn.engadget.com] callback from readability.parse(0):http://cn.engadget.com/2011/10/07/samsung-google-ice-cream-sandwich-galaxy-nexus/
Fri Oct 07 2011 22:34:51 GMT+0800 (CST) [urlopen] [DEBUG] [cn.engadget.com] received content, 71307 B
Fri Oct 07 2011 22:34:51 GMT+0800 (CST) [ce] [DEBUG] [cn.engadget.com] extract(http://cn.engadget.com/2011/10/06/sony-nearing-deal-to-move-cellphone-operations-in-house-buy-out/)
Fri Oct 07 2011 22:34:51 GMT+0800 (CST) [filter] [INFO] [cn.engadget.com] create Filter(http://cn.engadget.com/2011/10/06/sony-nearing-deal-to-move-cellphone-operations-in-house-buy-out/)
Fri Oct 07 2011 22:34:51 GMT+0800 (CST) [filter] [INFO] [cn.engadget.com] no pre-filters to apply
Fri Oct 07 2011 22:34:51 GMT+0800 (CST) [ce] [DEBUG] [cn.engadget.com] callback from preFilter(71307):http://cn.engadget.com/2011/10/06/sony-nearing-deal-to-move-cellphone-operations-in-house-buy-out/
Fri Oct 07 2011 22:34:52 GMT+0800 (CST) [ce] [DEBUG] [cn.engadget.com] callback from readability.parse(0):http://cn.engadget.com/2011/10/06/sony-nearing-deal-to-move-cellphone-operations-in-house-buy-out/
Fri Oct 07 2011 22:34:52 GMT+0800 (CST) [urlopen] [DEBUG] [cn.engadget.com] received content, 56496 B
Fri Oct 07 2011 22:34:52 GMT+0800 (CST) [ce] [DEBUG] [cn.engadget.com] extract(http://cn.engadget.com/2011/10/07/microsoft-touch-mouse-available-in-taiwan-we-go-hands-on/)
Fri Oct 07 2011 22:34:52 GMT+0800 (CST) [filter] [INFO] [cn.engadget.com] create Filter(http://cn.engadget.com/2011/10/07/microsoft-touch-mouse-available-in-taiwan-we-go-hands-on/)
Fri Oct 07 2011 22:34:52 GMT+0800 (CST) [filter] [INFO] [cn.engadget.com] no pre-filters to apply
Fri Oct 07 2011 22:34:52 GMT+0800 (CST) [ce] [DEBUG] [cn.engadget.com] callback from preFilter(56496):http://cn.engadget.com/2011/10/07/microsoft-touch-mouse-available-in-taiwan-we-go-hands-on/
Fri Oct 07 2011 22:34:52 GMT+0800 (CST) [ce] [DEBUG] [cn.engadget.com] callback from readability.parse(0):http://cn.engadget.com/2011/10/07/microsoft-touch-mouse-available-in-taiwan-we-go-hands-on/
Fri Oct 07 2011 22:34:52 GMT+0800 (CST) [urlopen] [DEBUG] [cn.engadget.com] received content, 66843 B
Fri Oct 07 2011 22:34:52 GMT+0800 (CST) [ce] [DEBUG] [cn.engadget.com] extract(http://cn.engadget.com/2011/10/07/htc-rhyme-hk-hands-on/)
Fri Oct 07 2011 22:34:52 GMT+0800 (CST) [filter] [INFO] [cn.engadget.com] create Filter(http://cn.engadget.com/2011/10/07/htc-rhyme-hk-hands-on/)
Fri Oct 07 2011 22:34:52 GMT+0800 (CST) [filter] [INFO] [cn.engadget.com] no pre-filters to apply
Fri Oct 07 2011 22:34:52 GMT+0800 (CST) [ce] [DEBUG] [cn.engadget.com] callback from preFilter(66843):http://cn.engadget.com/2011/10/07/htc-rhyme-hk-hands-on/
Fri Oct 07 2011 22:34:52 GMT+0800 (CST) [ce] [DEBUG] [cn.engadget.com] callback from readability.parse(0):http://cn.engadget.com/2011/10/07/htc-rhyme-hk-hands-on/
Fri Oct 07 2011 22:34:52 GMT+0800 (CST) [urlopen] [DEBUG] [cn.engadget.com] received content, 73067 B
Fri Oct 07 2011 22:34:52 GMT+0800 (CST) [ce] [DEBUG] [cn.engadget.com] extract(http://cn.engadget.com/2011/10/06/samsung-galaxy-nexus-specs-leak-headed-to-verizon-as-an-exclusi/)
Fri Oct 07 2011 22:34:52 GMT+0800 (CST) [filter] [INFO] [cn.engadget.com] create Filter(http://cn.engadget.com/2011/10/06/samsung-galaxy-nexus-specs-leak-headed-to-verizon-as-an-exclusi/)
Fri Oct 07 2011 22:34:52 GMT+0800 (CST) [filter] [INFO] [cn.engadget.com] no pre-filters to apply
Fri Oct 07 2011 22:34:52 GMT+0800 (CST) [ce] [DEBUG] [cn.engadget.com] callback from preFilter(73067):http://cn.engadget.com/2011/10/06/samsung-galaxy-nexus-specs-leak-headed-to-verizon-as-an-exclusi/
Fri Oct 07 2011 22:34:52 GMT+0800 (CST) [ce] [DEBUG] [cn.engadget.com] callback from readability.parse(0):http://cn.engadget.com/2011/10/06/samsung-galaxy-nexus-specs-leak-headed-to-verizon-as-an-exclusi/
Fri Oct 07 2011 22:34:53 GMT+0800 (CST) [urlopen] [DEBUG] [cn.engadget.com] received content, 50481 B
Fri Oct 07 2011 22:34:53 GMT+0800 (CST) [ce] [DEBUG] [cn.engadget.com] extract(http://cn.engadget.com/2011/10/07/is-this-dells-windows-7-peju-tablet/)
Fri Oct 07 2011 22:34:53 GMT+0800 (CST) [filter] [INFO] [cn.engadget.com] create Filter(http://cn.engadget.com/2011/10/07/is-this-dells-windows-7-peju-tablet/)
Fri Oct 07 2011 22:34:53 GMT+0800 (CST) [filter] [INFO] [cn.engadget.com] no pre-filters to apply
Fri Oct 07 2011 22:34:53 GMT+0800 (CST) [ce] [DEBUG] [cn.engadget.com] callback from preFilter(50481):http://cn.engadget.com/2011/10/07/is-this-dells-windows-7-peju-tablet/
Fri Oct 07 2011 22:34:53 GMT+0800 (CST) [ce] [DEBUG] [cn.engadget.com] callback from readability.parse(0):http://cn.engadget.com/2011/10/07/is-this-dells-windows-7-peju-tablet/
Fri Oct 07 2011 22:34:58 GMT+0800 (CST) [urlopen] [DEBUG] [cn.engadget.com] received content, 66374 B
Fri Oct 07 2011 22:34:58 GMT+0800 (CST) [ce] [DEBUG] [cn.engadget.com] extract(http://cn.engadget.com/2011/10/06/mr-stoneip-iphone-4s-iphone-for-steve/)
Fri Oct 07 2011 22:34:58 GMT+0800 (CST) [filter] [INFO] [cn.engadget.com] create Filter(http://cn.engadget.com/2011/10/06/mr-stoneip-iphone-4s-iphone-for-steve/)
Fri Oct 07 2011 22:34:58 GMT+0800 (CST) [filter] [INFO] [cn.engadget.com] no pre-filters to apply
Fri Oct 07 2011 22:34:58 GMT+0800 (CST) [ce] [DEBUG] [cn.engadget.com] callback from preFilter(66374):http://cn.engadget.com/2011/10/06/mr-stoneip-iphone-4s-iphone-for-steve/
Fri Oct 07 2011 22:34:58 GMT+0800 (CST) [ce] [DEBUG] [cn.engadget.com] callback from readability.parse(0):http://cn.engadget.com/2011/10/06/mr-stoneip-iphone-4s-iphone-for-steve/
Fri Oct 07 2011 22:35:00 GMT+0800 (CST) [urlopen] [DEBUG] [cn.engadget.com] received content, 56698 B
Fri Oct 07 2011 22:35:00 GMT+0800 (CST) [ce] [DEBUG] [cn.engadget.com] extract(http://cn.engadget.com/2011/10/06/google-docs-gets-a-refresh-fills-out-the-screen-for-honeycomb/)
Fri Oct 07 2011 22:35:00 GMT+0800 (CST) [filter] [INFO] [cn.engadget.com] create Filter(http://cn.engadget.com/2011/10/06/google-docs-gets-a-refresh-fills-out-the-screen-for-honeycomb/)
Fri Oct 07 2011 22:35:00 GMT+0800 (CST) [filter] [INFO] [cn.engadget.com] no pre-filters to apply
Fri Oct 07 2011 22:35:00 GMT+0800 (CST) [ce] [DEBUG] [cn.engadget.com] callback from preFilter(56698):http://cn.engadget.com/2011/10/06/google-docs-gets-a-refresh-fills-out-the-screen-for-honeycomb/
Fri Oct 07 2011 22:35:00 GMT+0800 (CST) [ce] [DEBUG] [cn.engadget.com] callback from readability.parse(0):http://cn.engadget.com/2011/10/06/google-docs-gets-a-refresh-fills-out-the-screen-for-honeycomb/
Fri Oct 07 2011 22:35:00 GMT+0800 (CST) [urlopen] [DEBUG] [cn.engadget.com] received content, 64712 B
Fri Oct 07 2011 22:35:00 GMT+0800 (CST) [ce] [DEBUG] [cn.engadget.com] extract(http://cn.engadget.com/2011/10/06/cyberdyne-hal-robotic-arm-hands-on-video/)
Fri Oct 07 2011 22:35:00 GMT+0800 (CST) [filter] [INFO] [cn.engadget.com] create Filter(http://cn.engadget.com/2011/10/06/cyberdyne-hal-robotic-arm-hands-on-video/)
Fri Oct 07 2011 22:35:00 GMT+0800 (CST) [filter] [INFO] [cn.engadget.com] no pre-filters to apply
Fri Oct 07 2011 22:35:00 GMT+0800 (CST) [ce] [DEBUG] [cn.engadget.com] callback from preFilter(64712):http://cn.engadget.com/2011/10/06/cyberdyne-hal-robotic-arm-hands-on-video/
Fri Oct 07 2011 22:35:00 GMT+0800 (CST) [ce] [DEBUG] [cn.engadget.com] callback from readability.parse(0):http://cn.engadget.com/2011/10/06/cyberdyne-hal-robotic-arm-hands-on-video/
Fri Oct 07 2011 22:35:00 GMT+0800 (CST) [urlopen] [DEBUG] [cn.engadget.com] received content, 51013 B
Fri Oct 07 2011 22:35:00 GMT+0800 (CST) [ce] [DEBUG] [cn.engadget.com] extract(http://cn.engadget.com/2011/10/06/soon-xbox-companion-will-let-you-control-your-console-from-wind/)
Fri Oct 07 2011 22:35:00 GMT+0800 (CST) [filter] [INFO] [cn.engadget.com] create Filter(http://cn.engadget.com/2011/10/06/soon-xbox-companion-will-let-you-control-your-console-from-wind/)
Fri Oct 07 2011 22:35:00 GMT+0800 (CST) [filter] [INFO] [cn.engadget.com] no pre-filters to apply
Fri Oct 07 2011 22:35:00 GMT+0800 (CST) [ce] [DEBUG] [cn.engadget.com] callback from preFilter(51013):http://cn.engadget.com/2011/10/06/soon-xbox-companion-will-let-you-control-your-console-from-wind/
Fri Oct 07 2011 22:35:00 GMT+0800 (CST) [ce] [DEBUG] [cn.engadget.com] callback from readability.parse(0):http://cn.engadget.com/2011/10/06/soon-xbox-companion-will-let-you-control-your-console-from-wind/
Fri Oct 07 2011 22:35:02 GMT+0800 (CST) [urlopen] [DEBUG] [cn.engadget.com] received content, 64900 B
Fri Oct 07 2011 22:35:02 GMT+0800 (CST) [ce] [DEBUG] [cn.engadget.com] extract(http://cn.engadget.com/2011/10/06/edit-panasonic-cockpit-digital-dash-prototype-hands-on-video/)
Fri Oct 07 2011 22:35:02 GMT+0800 (CST) [filter] [INFO] [cn.engadget.com] create Filter(http://cn.engadget.com/2011/10/06/edit-panasonic-cockpit-digital-dash-prototype-hands-on-video/)
Fri Oct 07 2011 22:35:02 GMT+0800 (CST) [filter] [INFO] [cn.engadget.com] no pre-filters to apply
Fri Oct 07 2011 22:35:02 GMT+0800 (CST) [ce] [DEBUG] [cn.engadget.com] callback from preFilter(64900):http://cn.engadget.com/2011/10/06/edit-panasonic-cockpit-digital-dash-prototype-hands-on-video/
Fri Oct 07 2011 22:35:02 GMT+0800 (CST) [ce] [DEBUG] [cn.engadget.com] callback from readability.parse(0):http://cn.engadget.com/2011/10/06/edit-panasonic-cockpit-digital-dash-prototype-hands-on-video/
Fri Oct 07 2011 22:35:04 GMT+0800 (CST) [urlopen] [DEBUG] [cn.engadget.com] received content, 58689 B
Fri Oct 07 2011 22:35:04 GMT+0800 (CST) [ce] [DEBUG] [cn.engadget.com] extract(http://cn.engadget.com/2011/10/06/camera-or-camcorder-jvcs-hybrid-gc-px10-wants-to-be-both/)
Fri Oct 07 2011 22:35:04 GMT+0800 (CST) [filter] [INFO] [cn.engadget.com] create Filter(http://cn.engadget.com/2011/10/06/camera-or-camcorder-jvcs-hybrid-gc-px10-wants-to-be-both/)
Fri Oct 07 2011 22:35:04 GMT+0800 (CST) [filter] [INFO] [cn.engadget.com] no pre-filters to apply
Fri Oct 07 2011 22:35:04 GMT+0800 (CST) [ce] [DEBUG] [cn.engadget.com] callback from preFilter(58689):http://cn.engadget.com/2011/10/06/camera-or-camcorder-jvcs-hybrid-gc-px10-wants-to-be-both/
Fri Oct 07 2011 22:35:04 GMT+0800 (CST) [ce] [DEBUG] [cn.engadget.com] callback from readability.parse(0):http://cn.engadget.com/2011/10/06/camera-or-camcorder-jvcs-hybrid-gc-px10-wants-to-be-both/
Fri Oct 07 2011 22:35:06 GMT+0800 (CST) [urlopen] [DEBUG] [cn.engadget.com] received content, 54239 B
Fri Oct 07 2011 22:35:06 GMT+0800 (CST) [ce] [DEBUG] [cn.engadget.com] extract(http://cn.engadget.com/2011/10/06/android-on-hp-touchpad-yes-theres-an-app-for-that-video/)
Fri Oct 07 2011 22:35:06 GMT+0800 (CST) [filter] [INFO] [cn.engadget.com] create Filter(http://cn.engadget.com/2011/10/06/android-on-hp-touchpad-yes-theres-an-app-for-that-video/)
Fri Oct 07 2011 22:35:06 GMT+0800 (CST) [filter] [INFO] [cn.engadget.com] no pre-filters to apply
Fri Oct 07 2011 22:35:06 GMT+0800 (CST) [ce] [DEBUG] [cn.engadget.com] callback from preFilter(54239):http://cn.engadget.com/2011/10/06/android-on-hp-touchpad-yes-theres-an-app-for-that-video/
Fri Oct 07 2011 22:35:06 GMT+0800 (CST) [ce] [DEBUG] [cn.engadget.com] callback from readability.parse(0):http://cn.engadget.com/2011/10/06/android-on-hp-touchpad-yes-theres-an-app-for-that-video/
Fri Oct 07 2011 22:35:08 GMT+0800 (CST) [urlopen] [DEBUG] [cn.engadget.com] received content, 51917 B
Fri Oct 07 2011 22:35:08 GMT+0800 (CST) [ce] [DEBUG] [cn.engadget.com] extract(http://cn.engadget.com/2011/10/06/nec-lavie-touch-hands-on/)
Fri Oct 07 2011 22:35:08 GMT+0800 (CST) [filter] [INFO] [cn.engadget.com] create Filter(http://cn.engadget.com/2011/10/06/nec-lavie-touch-hands-on/)
Fri Oct 07 2011 22:35:08 GMT+0800 (CST) [filter] [INFO] [cn.engadget.com] no pre-filters to apply
Fri Oct 07 2011 22:35:08 GMT+0800 (CST) [ce] [DEBUG] [cn.engadget.com] callback from preFilter(51917):http://cn.engadget.com/2011/10/06/nec-lavie-touch-hands-on/
Fri Oct 07 2011 22:35:08 GMT+0800 (CST) [ce] [DEBUG] [cn.engadget.com] callback from readability.parse(0):http://cn.engadget.com/2011/10/06/nec-lavie-touch-hands-on/
Fri Oct 07 2011 22:40:40 GMT+0800 (CST) [urlopen] [DEBUG] [cn.engadget.com] http request url: http://cn.engadget.com/2011/10/07/samsung-google-ice-cream-sandwich-galaxy-nexus/
Fri Oct 07 2011 22:40:40 GMT+0800 (CST) [urlopen] [DEBUG] [cn.engadget.com] http request url: http://cn.engadget.com/2011/10/07/lenovos-wireless-multimedia-remote-with-keyboard-sneaks-our-for/
Fri Oct 07 2011 22:40:40 GMT+0800 (CST) [urlopen] [DEBUG] [cn.engadget.com] http request url: http://cn.engadget.com/2011/10/07/murata-tactile-controller-tv-remote-hands-on-video/
Fri Oct 07 2011 22:40:40 GMT+0800 (CST) [urlopen] [DEBUG] [cn.engadget.com] http request url: http://cn.engadget.com/2011/10/07/google-earth-hits-one-billion-downloads-those-with-fear-of-flyi/
Fri Oct 07 2011 22:40:40 GMT+0800 (CST) [urlopen] [DEBUG] [cn.engadget.com] http request url: http://cn.engadget.com/2011/10/07/fujitsu-lifebook-ah77-e-sh76-e/
Fri Oct 07 2011 22:40:40 GMT+0800 (CST) [urlopen] [DEBUG] [cn.engadget.com] http request url: http://cn.engadget.com/2011/10/07/microsoft-touch-mouse-available-in-taiwan-we-go-hands-on/
Fri Oct 07 2011 22:40:40 GMT+0800 (CST) [urlopen] [DEBUG] [cn.engadget.com] http request url: http://cn.engadget.com/2011/10/07/htc-rhyme-hk-hands-on/
Fri Oct 07 2011 22:40:40 GMT+0800 (CST) [urlopen] [DEBUG] [cn.engadget.com] http request url: http://cn.engadget.com/2011/10/07/is-this-dells-windows-7-peju-tablet/
Fri Oct 07 2011 22:40:40 GMT+0800 (CST) [urlopen] [DEBUG] [cn.engadget.com] http request url: http://cn.engadget.com/2011/10/06/sony-nearing-deal-to-move-cellphone-operations-in-house-buy-out/
Fri Oct 07 2011 22:40:40 GMT+0800 (CST) [urlopen] [DEBUG] [cn.engadget.com] http request url: http://cn.engadget.com/2011/10/06/samsung-galaxy-nexus-specs-leak-headed-to-verizon-as-an-exclusi/
Fri Oct 07 2011 22:40:40 GMT+0800 (CST) [urlopen] [DEBUG] [cn.engadget.com] http request url: http://cn.engadget.com/2011/10/06/edit-panasonic-cockpit-digital-dash-prototype-hands-on-video/
Fri Oct 07 2011 22:40:40 GMT+0800 (CST) [urlopen] [DEBUG] [cn.engadget.com] http request url: http://cn.engadget.com/2011/10/06/cyberdyne-hal-robotic-arm-hands-on-video/
Fri Oct 07 2011 22:40:40 GMT+0800 (CST) [urlopen] [DEBUG] [cn.engadget.com] http request url: http://cn.engadget.com/2011/10/06/mr-stoneip-iphone-4s-iphone-for-steve/
Fri Oct 07 2011 22:40:40 GMT+0800 (CST) [urlopen] [DEBUG] [cn.engadget.com] http request url: http://cn.engadget.com/2011/10/06/google-docs-gets-a-refresh-fills-out-the-screen-for-honeycomb/
Fri Oct 07 2011 22:40:40 GMT+0800 (CST) [urlopen] [DEBUG] [cn.engadget.com] http request url: http://cn.engadget.com/2011/10/06/soon-xbox-companion-will-let-you-control-your-console-from-wind/
Fri Oct 07 2011 22:40:40 GMT+0800 (CST) [urlopen] [DEBUG] [cn.engadget.com] http request url: http://cn.engadget.com/2011/10/06/camera-or-camcorder-jvcs-hybrid-gc-px10-wants-to-be-both/
Fri Oct 07 2011 22:40:40 GMT+0800 (CST) [urlopen] [DEBUG] [cn.engadget.com] http request url: http://cn.engadget.com/2011/10/06/android-on-hp-touchpad-yes-theres-an-app-for-that-video/
Fri Oct 07 2011 22:40:40 GMT+0800 (CST) [urlopen] [DEBUG] [cn.engadget.com] http request url: http://cn.engadget.com/2011/10/06/nec-lavie-touch-hands-on/
Fri Oct 07 2011 22:40:40 GMT+0800 (CST) [urlopen] [DEBUG] [cn.engadget.com] http request url: http://cn.engadget.com/2011/10/06/remembering-steve-jobs-we-all-pay-tribute/
Fri Oct 07 2011 22:40:40 GMT+0800 (CST) [urlopen] [DEBUG] [cn.engadget.com] http request url: http://cn.engadget.com/2011/10/06/steve-jobs-in-his-own-words/
Fri Oct 07 2011 22:40:40 GMT+0800 (CST) [urlopen] [DEBUG] [cn.engadget.com] http request url: http://cn.engadget.com/2011/10/06/uncharted-3-ps3-dualshock-3-hk/
Fri Oct 07 2011 22:40:40 GMT+0800 (CST) [urlopen] [DEBUG] [cn.engadget.com] http request url: http://cn.engadget.com/2011/10/05/fujitsu-arrows-tab-lte-f-01d-with-gesture-control-hands-on-vide/
Fri Oct 07 2011 22:40:40 GMT+0800 (CST) [urlopen] [DEBUG] [cn.engadget.com] http request url: http://cn.engadget.com/2011/10/05/steve-jobs-co-fouder-of-apple-is-dead-at-56/
Fri Oct 07 2011 22:40:40 GMT+0800 (CST) [urlopen] [DEBUG] [cn.engadget.com] http request url: http://cn.engadget.com/2011/10/05/zune-is-dead-long-live-zune/
Fri Oct 07 2011 22:40:40 GMT+0800 (CST) [urlopen] [DEBUG] [cn.engadget.com] http request url: http://cn.engadget.com/2011/10/05/huawei-1-2g-7-mediapad-hands-on/
Fri Oct 07 2011 22:40:40 GMT+0800 (CST) [urlopen] [DEBUG] [cn.engadget.com] http request url: http://cn.engadget.com/2011/10/05/samsung-teases-next-weeks-unpacked-offers-a-momentary-glance/
Fri Oct 07 2011 22:40:40 GMT+0800 (CST) [urlopen] [DEBUG] [cn.engadget.com] http request url: http://cn.engadget.com/2011/10/05/airplay-mirroring-coming-to-iphone-4s-not-just-for-ipads-1/
Fri Oct 07 2011 22:40:40 GMT+0800 (CST) [urlopen] [DEBUG] [cn.engadget.com] http request url: http://cn.engadget.com/2011/10/05/official-iphone-micro-usb-adapter-quietly-sneaks-into-uk-apple-s/
Fri Oct 07 2011 22:40:40 GMT+0800 (CST) [urlopen] [DEBUG] [cn.engadget.com] http request url: http://cn.engadget.com/2011/10/05/iphone-applecare-applecare/
Fri Oct 07 2011 22:40:40 GMT+0800 (CST) [urlopen] [DEBUG] [cn.engadget.com] http request url: http://cn.engadget.com/2011/10/05/sony-tablet-s-hk-hands-on/
Fri Oct 07 2011 22:40:40 GMT+0800 (CST) [urlopen] [DEBUG] [cn.engadget.com] http request url: http://cn.engadget.com/2011/10/05/how-we-view-the-iphone-4s/
Fri Oct 07 2011 22:40:40 GMT+0800 (CST) [urlopen] [DEBUG] [cn.engadget.com] http request url: http://cn.engadget.com/2011/10/04/iphone-4s-vs-iphone-4-the-tale-of-the-tape/
Fri Oct 07 2011 22:40:40 GMT+0800 (CST) [urlopen] [DEBUG] [cn.engadget.com] http request url: http://cn.engadget.com/2011/10/04/iphone-4s-hands-on/
Fri Oct 07 2011 22:40:40 GMT+0800 (CST) [urlopen] [DEBUG] [cn.engadget.com] http request url: http://cn.engadget.com/2011/10/04/iphone-8gb-3gs-iphone-4-us-99-4s-us-199/
Fri Oct 07 2011 22:40:40 GMT+0800 (CST) [urlopen] [DEBUG] [cn.engadget.com] http request url: http://cn.engadget.com/2011/10/04/itunes-match-hits-us-end-of-october-for-24-99/
Fri Oct 07 2011 22:40:40 GMT+0800 (CST) [urlopen] [DEBUG] [cn.engadget.com] http request url: http://cn.engadget.com/2011/10/04/apple-brings-siri-voice-control-to-iphone/
Fri Oct 07 2011 22:40:40 GMT+0800 (CST) [urlopen] [DEBUG] [cn.engadget.com] http request url: http://cn.engadget.com/2011/10/04/cards-app-for-iphone-sends-snail-mail-best-wishes-for-a-price/
Fri Oct 07 2011 22:40:40 GMT+0800 (CST) [urlopen] [DEBUG] [cn.engadget.com] http request url: http://cn.engadget.com/2011/10/04/new-ipod-touch-maxes-out-a-64gb-399-available-in-white-octob/
Fri Oct 07 2011 22:40:40 GMT+0800 (CST) [urlopen] [DEBUG] [cn.engadget.com] http request url: http://cn.engadget.com/2011/10/04/apple-announces-find-my-friends-feature-for-ios-5/
Fri Oct 07 2011 22:40:40 GMT+0800 (CST) [urlopen] [DEBUG] [cn.engadget.com] http request url: http://cn.engadget.com/2011/10/04/ios-5-icloud-10-12/
Fri Oct 07 2011 22:40:46 GMT+0800 (CST) [urlopen] [DEBUG] [cn.engadget.com] received content, 60210 B
Fri Oct 07 2011 22:40:46 GMT+0800 (CST) [ce] [DEBUG] [cn.engadget.com] extract(http://cn.engadget.com/2011/10/07/lenovos-wireless-multimedia-remote-with-keyboard-sneaks-our-for/)
Fri Oct 07 2011 22:40:46 GMT+0800 (CST) [filter] [INFO] [cn.engadget.com] create Filter(http://cn.engadget.com/2011/10/07/lenovos-wireless-multimedia-remote-with-keyboard-sneaks-our-for/)
Fri Oct 07 2011 22:40:46 GMT+0800 (CST) [filter] [INFO] [cn.engadget.com] no pre-filters to apply
Fri Oct 07 2011 22:40:46 GMT+0800 (CST) [ce] [DEBUG] [cn.engadget.com] callback from preFilter(60210):http://cn.engadget.com/2011/10/07/lenovos-wireless-multimedia-remote-with-keyboard-sneaks-our-for/
Fri Oct 07 2011 22:40:46 GMT+0800 (CST) [ce] [DEBUG] [cn.engadget.com] callback from readability.parse(0):http://cn.engadget.com/2011/10/07/lenovos-wireless-multimedia-remote-with-keyboard-sneaks-our-for/
Fri Oct 07 2011 22:40:47 GMT+0800 (CST) [urlopen] [DEBUG] [cn.engadget.com] received content, 55212 B
Fri Oct 07 2011 22:40:47 GMT+0800 (CST) [ce] [DEBUG] [cn.engadget.com] extract(http://cn.engadget.com/2011/10/07/murata-tactile-controller-tv-remote-hands-on-video/)
Fri Oct 07 2011 22:40:47 GMT+0800 (CST) [filter] [INFO] [cn.engadget.com] create Filter(http://cn.engadget.com/2011/10/07/murata-tactile-controller-tv-remote-hands-on-video/)
Fri Oct 07 2011 22:40:47 GMT+0800 (CST) [filter] [INFO] [cn.engadget.com] no pre-filters to apply
Fri Oct 07 2011 22:40:47 GMT+0800 (CST) [ce] [DEBUG] [cn.engadget.com] callback from preFilter(55212):http://cn.engadget.com/2011/10/07/murata-tactile-controller-tv-remote-hands-on-video/
Fri Oct 07 2011 22:40:47 GMT+0800 (CST) [ce] [DEBUG] [cn.engadget.com] callback from readability.parse(0):http://cn.engadget.com/2011/10/07/murata-tactile-controller-tv-remote-hands-on-video/
Fri Oct 07 2011 22:40:47 GMT+0800 (CST) [urlopen] [DEBUG] [cn.engadget.com] received content, 60439 B
Fri Oct 07 2011 22:40:47 GMT+0800 (CST) [ce] [DEBUG] [cn.engadget.com] extract(http://cn.engadget.com/2011/10/07/google-earth-hits-one-billion-downloads-those-with-fear-of-flyi/)
Fri Oct 07 2011 22:40:47 GMT+0800 (CST) [filter] [INFO] [cn.engadget.com] create Filter(http://cn.engadget.com/2011/10/07/google-earth-hits-one-billion-downloads-those-with-fear-of-flyi/)
Fri Oct 07 2011 22:40:47 GMT+0800 (CST) [filter] [INFO] [cn.engadget.com] no pre-filters to apply
Fri Oct 07 2011 22:40:47 GMT+0800 (CST) [ce] [DEBUG] [cn.engadget.com] callback from preFilter(60439):http://cn.engadget.com/2011/10/07/google-earth-hits-one-billion-downloads-those-with-fear-of-flyi/
Fri Oct 07 2011 22:40:47 GMT+0800 (CST) [ce] [DEBUG] [cn.engadget.com] callback from readability.parse(0):http://cn.engadget.com/2011/10/07/google-earth-hits-one-billion-downloads-those-with-fear-of-flyi/
Fri Oct 07 2011 22:40:48 GMT+0800 (CST) [urlopen] [DEBUG] [cn.engadget.com] received content, 66782 B
Fri Oct 07 2011 22:40:48 GMT+0800 (CST) [ce] [DEBUG] [cn.engadget.com] extract(http://cn.engadget.com/2011/10/07/samsung-google-ice-cream-sandwich-galaxy-nexus/)
Fri Oct 07 2011 22:40:48 GMT+0800 (CST) [filter] [INFO] [cn.engadget.com] create Filter(http://cn.engadget.com/2011/10/07/samsung-google-ice-cream-sandwich-galaxy-nexus/)
Fri Oct 07 2011 22:40:48 GMT+0800 (CST) [filter] [INFO] [cn.engadget.com] no pre-filters to apply
Fri Oct 07 2011 22:40:48 GMT+0800 (CST) [ce] [DEBUG] [cn.engadget.com] callback from preFilter(66782):http://cn.engadget.com/2011/10/07/samsung-google-ice-cream-sandwich-galaxy-nexus/
Fri Oct 07 2011 22:40:48 GMT+0800 (CST) [ce] [DEBUG] [cn.engadget.com] callback from readability.parse(0):http://cn.engadget.com/2011/10/07/samsung-google-ice-cream-sandwich-galaxy-nexus/
Fri Oct 07 2011 22:40:48 GMT+0800 (CST) [urlopen] [DEBUG] [cn.engadget.com] received content, 55909 B
Fri Oct 07 2011 22:40:48 GMT+0800 (CST) [ce] [DEBUG] [cn.engadget.com] extract(http://cn.engadget.com/2011/10/07/fujitsu-lifebook-ah77-e-sh76-e/)
Fri Oct 07 2011 22:40:48 GMT+0800 (CST) [filter] [INFO] [cn.engadget.com] create Filter(http://cn.engadget.com/2011/10/07/fujitsu-lifebook-ah77-e-sh76-e/)
Fri Oct 07 2011 22:40:48 GMT+0800 (CST) [filter] [INFO] [cn.engadget.com] no pre-filters to apply
Fri Oct 07 2011 22:40:48 GMT+0800 (CST) [ce] [DEBUG] [cn.engadget.com] callback from preFilter(55909):http://cn.engadget.com/2011/10/07/fujitsu-lifebook-ah77-e-sh76-e/
Fri Oct 07 2011 22:40:48 GMT+0800 (CST) [ce] [DEBUG] [cn.engadget.com] callback from readability.parse(0):http://cn.engadget.com/2011/10/07/fujitsu-lifebook-ah77-e-sh76-e/
Fri Oct 07 2011 22:42:05 GMT+0800 (CST) [urlopen] [DEBUG] [cn.engadget.com] received content, 50463 B
Fri Oct 07 2011 22:42:05 GMT+0800 (CST) [ce] [DEBUG] [cn.engadget.com] extract(http://cn.engadget.com/2011/10/07/is-this-dells-windows-7-peju-tablet/)
Fri Oct 07 2011 22:42:05 GMT+0800 (CST) [filter] [INFO] [cn.engadget.com] create Filter(http://cn.engadget.com/2011/10/07/is-this-dells-windows-7-peju-tablet/)
Fri Oct 07 2011 22:42:05 GMT+0800 (CST) [filter] [INFO] [cn.engadget.com] no pre-filters to apply
Fri Oct 07 2011 22:42:05 GMT+0800 (CST) [ce] [DEBUG] [cn.engadget.com] callback from preFilter(50463):http://cn.engadget.com/2011/10/07/is-this-dells-windows-7-peju-tablet/
Fri Oct 07 2011 22:42:05 GMT+0800 (CST) [ce] [DEBUG] [cn.engadget.com] callback from readability.parse(0):http://cn.engadget.com/2011/10/07/is-this-dells-windows-7-peju-tablet/
Fri Oct 07 2011 22:42:05 GMT+0800 (CST) [urlopen] [DEBUG] [cn.engadget.com] received content, 56475 B
Fri Oct 07 2011 22:42:05 GMT+0800 (CST) [ce] [DEBUG] [cn.engadget.com] extract(http://cn.engadget.com/2011/10/07/microsoft-touch-mouse-available-in-taiwan-we-go-hands-on/)
Fri Oct 07 2011 22:42:05 GMT+0800 (CST) [filter] [INFO] [cn.engadget.com] create Filter(http://cn.engadget.com/2011/10/07/microsoft-touch-mouse-available-in-taiwan-we-go-hands-on/)
Fri Oct 07 2011 22:42:05 GMT+0800 (CST) [filter] [INFO] [cn.engadget.com] no pre-filters to apply
Fri Oct 07 2011 22:42:05 GMT+0800 (CST) [ce] [DEBUG] [cn.engadget.com] callback from preFilter(56475):http://cn.engadget.com/2011/10/07/microsoft-touch-mouse-available-in-taiwan-we-go-hands-on/
Fri Oct 07 2011 22:42:05 GMT+0800 (CST) [ce] [DEBUG] [cn.engadget.com] callback from readability.parse(0):http://cn.engadget.com/2011/10/07/microsoft-touch-mouse-available-in-taiwan-we-go-hands-on/
Fri Oct 07 2011 22:42:05 GMT+0800 (CST) [urlopen] [DEBUG] [cn.engadget.com] received content, 66822 B
Fri Oct 07 2011 22:42:05 GMT+0800 (CST) [ce] [DEBUG] [cn.engadget.com] extract(http://cn.engadget.com/2011/10/07/htc-rhyme-hk-hands-on/)
Fri Oct 07 2011 22:42:05 GMT+0800 (CST) [filter] [INFO] [cn.engadget.com] create Filter(http://cn.engadget.com/2011/10/07/htc-rhyme-hk-hands-on/)
Fri Oct 07 2011 22:42:05 GMT+0800 (CST) [filter] [INFO] [cn.engadget.com] no pre-filters to apply
Fri Oct 07 2011 22:42:05 GMT+0800 (CST) [ce] [DEBUG] [cn.engadget.com] callback from preFilter(66822):http://cn.engadget.com/2011/10/07/htc-rhyme-hk-hands-on/
Fri Oct 07 2011 22:42:06 GMT+0800 (CST) [ce] [DEBUG] [cn.engadget.com] callback from readability.parse(0):http://cn.engadget.com/2011/10/07/htc-rhyme-hk-hands-on/
Fri Oct 07 2011 22:42:07 GMT+0800 (CST) [urlopen] [DEBUG] [cn.engadget.com] received content, 71769 B
Fri Oct 07 2011 22:42:07 GMT+0800 (CST) [ce] [DEBUG] [cn.engadget.com] extract(http://cn.engadget.com/2011/10/06/sony-nearing-deal-to-move-cellphone-operations-in-house-buy-out/)
Fri Oct 07 2011 22:42:07 GMT+0800 (CST) [filter] [INFO] [cn.engadget.com] create Filter(http://cn.engadget.com/2011/10/06/sony-nearing-deal-to-move-cellphone-operations-in-house-buy-out/)
Fri Oct 07 2011 22:42:07 GMT+0800 (CST) [filter] [INFO] [cn.engadget.com] no pre-filters to apply
Fri Oct 07 2011 22:42:07 GMT+0800 (CST) [ce] [DEBUG] [cn.engadget.com] callback from preFilter(71769):http://cn.engadget.com/2011/10/06/sony-nearing-deal-to-move-cellphone-operations-in-house-buy-out/
Fri Oct 07 2011 22:42:07 GMT+0800 (CST) [ce] [DEBUG] [cn.engadget.com] callback from readability.parse(0):http://cn.engadget.com/2011/10/06/sony-nearing-deal-to-move-cellphone-operations-in-house-buy-out/
Fri Oct 07 2011 22:42:08 GMT+0800 (CST) [urlopen] [DEBUG] [cn.engadget.com] received content, 73047 B
Fri Oct 07 2011 22:42:08 GMT+0800 (CST) [ce] [DEBUG] [cn.engadget.com] extract(http://cn.engadget.com/2011/10/06/samsung-galaxy-nexus-specs-leak-headed-to-verizon-as-an-exclusi/)
Fri Oct 07 2011 22:42:08 GMT+0800 (CST) [filter] [INFO] [cn.engadget.com] create Filter(http://cn.engadget.com/2011/10/06/samsung-galaxy-nexus-specs-leak-headed-to-verizon-as-an-exclusi/)
Fri Oct 07 2011 22:42:08 GMT+0800 (CST) [filter] [INFO] [cn.engadget.com] no pre-filters to apply
Fri Oct 07 2011 22:42:08 GMT+0800 (CST) [ce] [DEBUG] [cn.engadget.com] callback from preFilter(73047):http://cn.engadget.com/2011/10/06/samsung-galaxy-nexus-specs-leak-headed-to-verizon-as-an-exclusi/
Fri Oct 07 2011 22:42:08 GMT+0800 (CST) [ce] [DEBUG] [cn.engadget.com] callback from readability.parse(0):http://cn.engadget.com/2011/10/06/samsung-galaxy-nexus-specs-leak-headed-to-verizon-as-an-exclusi/
Fri Oct 07 2011 22:42:14 GMT+0800 (CST) [urlopen] [DEBUG] [cn.engadget.com] received content, 66347 B
Fri Oct 07 2011 22:42:14 GMT+0800 (CST) [ce] [DEBUG] [cn.engadget.com] extract(http://cn.engadget.com/2011/10/06/mr-stoneip-iphone-4s-iphone-for-steve/)
Fri Oct 07 2011 22:42:14 GMT+0800 (CST) [filter] [INFO] [cn.engadget.com] create Filter(http://cn.engadget.com/2011/10/06/mr-stoneip-iphone-4s-iphone-for-steve/)
Fri Oct 07 2011 22:42:14 GMT+0800 (CST) [filter] [INFO] [cn.engadget.com] no pre-filters to apply
Fri Oct 07 2011 22:42:14 GMT+0800 (CST) [ce] [DEBUG] [cn.engadget.com] callback from preFilter(66347):http://cn.engadget.com/2011/10/06/mr-stoneip-iphone-4s-iphone-for-steve/
Fri Oct 07 2011 22:42:14 GMT+0800 (CST) [ce] [DEBUG] [cn.engadget.com] callback from readability.parse(0):http://cn.engadget.com/2011/10/06/mr-stoneip-iphone-4s-iphone-for-steve/
Fri Oct 07 2011 22:42:14 GMT+0800 (CST) [urlopen] [DEBUG] [cn.engadget.com] received content, 64685 B
Fri Oct 07 2011 22:42:14 GMT+0800 (CST) [ce] [DEBUG] [cn.engadget.com] extract(http://cn.engadget.com/2011/10/06/cyberdyne-hal-robotic-arm-hands-on-video/)
Fri Oct 07 2011 22:42:14 GMT+0800 (CST) [filter] [INFO] [cn.engadget.com] create Filter(http://cn.engadget.com/2011/10/06/cyberdyne-hal-robotic-arm-hands-on-video/)
Fri Oct 07 2011 22:42:14 GMT+0800 (CST) [filter] [INFO] [cn.engadget.com] no pre-filters to apply
Fri Oct 07 2011 22:42:14 GMT+0800 (CST) [ce] [DEBUG] [cn.engadget.com] callback from preFilter(64685):http://cn.engadget.com/2011/10/06/cyberdyne-hal-robotic-arm-hands-on-video/
Fri Oct 07 2011 22:42:14 GMT+0800 (CST) [ce] [DEBUG] [cn.engadget.com] callback from readability.parse(0):http://cn.engadget.com/2011/10/06/cyberdyne-hal-robotic-arm-hands-on-video/
Fri Oct 07 2011 22:42:18 GMT+0800 (CST) [urlopen] [DEBUG] [cn.engadget.com] received content, 64873 B
Fri Oct 07 2011 22:42:18 GMT+0800 (CST) [ce] [DEBUG] [cn.engadget.com] extract(http://cn.engadget.com/2011/10/06/edit-panasonic-cockpit-digital-dash-prototype-hands-on-video/)
Fri Oct 07 2011 22:42:18 GMT+0800 (CST) [filter] [INFO] [cn.engadget.com] create Filter(http://cn.engadget.com/2011/10/06/edit-panasonic-cockpit-digital-dash-prototype-hands-on-video/)
Fri Oct 07 2011 22:42:18 GMT+0800 (CST) [filter] [INFO] [cn.engadget.com] no pre-filters to apply
Fri Oct 07 2011 22:42:18 GMT+0800 (CST) [ce] [DEBUG] [cn.engadget.com] callback from preFilter(64873):http://cn.engadget.com/2011/10/06/edit-panasonic-cockpit-digital-dash-prototype-hands-on-video/
Fri Oct 07 2011 22:42:18 GMT+0800 (CST) [ce] [DEBUG] [cn.engadget.com] callback from readability.parse(0):http://cn.engadget.com/2011/10/06/edit-panasonic-cockpit-digital-dash-prototype-hands-on-video/
Fri Oct 07 2011 22:42:19 GMT+0800 (CST) [urlopen] [DEBUG] [cn.engadget.com] received content, 56670 B
Fri Oct 07 2011 22:42:19 GMT+0800 (CST) [ce] [DEBUG] [cn.engadget.com] extract(http://cn.engadget.com/2011/10/06/google-docs-gets-a-refresh-fills-out-the-screen-for-honeycomb/)
Fri Oct 07 2011 22:42:19 GMT+0800 (CST) [filter] [INFO] [cn.engadget.com] create Filter(http://cn.engadget.com/2011/10/06/google-docs-gets-a-refresh-fills-out-the-screen-for-honeycomb/)
Fri Oct 07 2011 22:42:19 GMT+0800 (CST) [filter] [INFO] [cn.engadget.com] no pre-filters to apply
Fri Oct 07 2011 22:42:19 GMT+0800 (CST) [ce] [DEBUG] [cn.engadget.com] callback from preFilter(56670):http://cn.engadget.com/2011/10/06/google-docs-gets-a-refresh-fills-out-the-screen-for-honeycomb/
Fri Oct 07 2011 22:42:19 GMT+0800 (CST) [ce] [DEBUG] [cn.engadget.com] callback from readability.parse(0):http://cn.engadget.com/2011/10/06/google-docs-gets-a-refresh-fills-out-the-screen-for-honeycomb/
Fri Oct 07 2011 22:42:19 GMT+0800 (CST) [urlopen] [DEBUG] [cn.engadget.com] received content, 50986 B
Fri Oct 07 2011 22:42:19 GMT+0800 (CST) [ce] [DEBUG] [cn.engadget.com] extract(http://cn.engadget.com/2011/10/06/soon-xbox-companion-will-let-you-control-your-console-from-wind/)
Fri Oct 07 2011 22:42:19 GMT+0800 (CST) [filter] [INFO] [cn.engadget.com] create Filter(http://cn.engadget.com/2011/10/06/soon-xbox-companion-will-let-you-control-your-console-from-wind/)
Fri Oct 07 2011 22:42:19 GMT+0800 (CST) [filter] [INFO] [cn.engadget.com] no pre-filters to apply
Fri Oct 07 2011 22:42:19 GMT+0800 (CST) [ce] [DEBUG] [cn.engadget.com] callback from preFilter(50986):http://cn.engadget.com/2011/10/06/soon-xbox-companion-will-let-you-control-your-console-from-wind/
Fri Oct 07 2011 22:42:19 GMT+0800 (CST) [ce] [DEBUG] [cn.engadget.com] callback from readability.parse(0):http://cn.engadget.com/2011/10/06/soon-xbox-companion-will-let-you-control-your-console-from-wind/
Fri Oct 07 2011 22:42:25 GMT+0800 (CST) [urlopen] [DEBUG] [cn.engadget.com] received content, 51890 B
Fri Oct 07 2011 22:42:25 GMT+0800 (CST) [ce] [DEBUG] [cn.engadget.com] extract(http://cn.engadget.com/2011/10/06/nec-lavie-touch-hands-on/)
Fri Oct 07 2011 22:42:25 GMT+0800 (CST) [filter] [INFO] [cn.engadget.com] create Filter(http://cn.engadget.com/2011/10/06/nec-lavie-touch-hands-on/)
Fri Oct 07 2011 22:42:25 GMT+0800 (CST) [filter] [INFO] [cn.engadget.com] no pre-filters to apply
Fri Oct 07 2011 22:42:25 GMT+0800 (CST) [ce] [DEBUG] [cn.engadget.com] callback from preFilter(51890):http://cn.engadget.com/2011/10/06/nec-lavie-touch-hands-on/
Fri Oct 07 2011 22:42:25 GMT+0800 (CST) [ce] [DEBUG] [cn.engadget.com] callback from readability.parse(0):http://cn.engadget.com/2011/10/06/nec-lavie-touch-hands-on/
Fri Oct 07 2011 22:42:25 GMT+0800 (CST) [urlopen] [DEBUG] [cn.engadget.com] received content, 54210 B
Fri Oct 07 2011 22:42:25 GMT+0800 (CST) [ce] [DEBUG] [cn.engadget.com] extract(http://cn.engadget.com/2011/10/06/android-on-hp-touchpad-yes-theres-an-app-for-that-video/)
Fri Oct 07 2011 22:42:25 GMT+0800 (CST) [filter] [INFO] [cn.engadget.com] create Filter(http://cn.engadget.com/2011/10/06/android-on-hp-touchpad-yes-theres-an-app-for-that-video/)
Fri Oct 07 2011 22:42:25 GMT+0800 (CST) [filter] [INFO] [cn.engadget.com] no pre-filters to apply
Fri Oct 07 2011 22:42:25 GMT+0800 (CST) [ce] [DEBUG] [cn.engadget.com] callback from preFilter(54210):http://cn.engadget.com/2011/10/06/android-on-hp-touchpad-yes-theres-an-app-for-that-video/
Fri Oct 07 2011 22:42:25 GMT+0800 (CST) [ce] [DEBUG] [cn.engadget.com] callback from readability.parse(0):http://cn.engadget.com/2011/10/06/android-on-hp-touchpad-yes-theres-an-app-for-that-video/
Fri Oct 07 2011 22:42:27 GMT+0800 (CST) [urlopen] [DEBUG] [cn.engadget.com] received content, 58662 B
Fri Oct 07 2011 22:42:27 GMT+0800 (CST) [ce] [DEBUG] [cn.engadget.com] extract(http://cn.engadget.com/2011/10/06/camera-or-camcorder-jvcs-hybrid-gc-px10-wants-to-be-both/)
Fri Oct 07 2011 22:42:27 GMT+0800 (CST) [filter] [INFO] [cn.engadget.com] create Filter(http://cn.engadget.com/2011/10/06/camera-or-camcorder-jvcs-hybrid-gc-px10-wants-to-be-both/)
Fri Oct 07 2011 22:42:27 GMT+0800 (CST) [filter] [INFO] [cn.engadget.com] no pre-filters to apply
Fri Oct 07 2011 22:42:27 GMT+0800 (CST) [ce] [DEBUG] [cn.engadget.com] callback from preFilter(58662):http://cn.engadget.com/2011/10/06/camera-or-camcorder-jvcs-hybrid-gc-px10-wants-to-be-both/
Fri Oct 07 2011 22:42:27 GMT+0800 (CST) [ce] [DEBUG] [cn.engadget.com] callback from readability.parse(0):http://cn.engadget.com/2011/10/06/camera-or-camcorder-jvcs-hybrid-gc-px10-wants-to-be-both/
