Mon Oct 03 2011 00:46:33 GMT+0800 (CST) [urlopen] [INFO] [sports.163.com] using keep-alive connection
Mon Oct 03 2011 00:46:33 GMT+0800 (CST) [cache] [INFO] [sports.163.com] create non-existing domain directory
Mon Oct 03 2011 00:46:33 GMT+0800 (CST) [urlopen] [DEBUG] [sports.163.com] http request url: http://sports.163.com/11/1002/16/7FCGICSO00051CDG.html
Mon Oct 03 2011 00:46:34 GMT+0800 (CST) [cache] [DEBUG] [sports.163.com] write cache content (undefined) file: ./cache/sports.163.com/80919edcb566c67e563a64cec838c8ae0c67f7ae.json
Mon Oct 03 2011 00:46:34 GMT+0800 (CST) [cache] [DEBUG] [sports.163.com] write cache content (96075) file: ./cache/sports.163.com/80919edcb566c67e563a64cec838c8ae0c67f7ae.raw
Mon Oct 03 2011 00:46:34 GMT+0800 (CST) [urlopen] [DEBUG] [sports.163.com] received content, 96082 B
Mon Oct 03 2011 00:46:34 GMT+0800 (CST) [ce] [DEBUG] [sports.163.com] extract(http://sports.163.com/11/1002/16/7FCGICSO00051CDG.html)
Mon Oct 03 2011 00:46:34 GMT+0800 (CST) [filter] [INFO] [sports.163.com] create Filter(http://sports.163.com/11/1002/16/7FCGICSO00051CDG.html)
Mon Oct 03 2011 00:46:34 GMT+0800 (CST) [filter] [INFO] [sports.163.com] no pre-filters to apply
Mon Oct 03 2011 00:46:34 GMT+0800 (CST) [ce] [DEBUG] [sports.163.com] callback from preFilter(96075):http://sports.163.com/11/1002/16/7FCGICSO00051CDG.html
Mon Oct 03 2011 00:47:05 GMT+0800 (CST) [ce] [DEBUG] [sports.163.com] callback from readability.parse(1891):http://sports.163.com/11/1002/16/7FCGICSO00051CDG.html
Mon Oct 03 2011 00:47:06 GMT+0800 (CST) [filter] [INFO] [sports.163.com] filtering create jsdom doc: http://sports.163.com/11/1002/16/7FCGICSO00051CDG.html (1930)
Mon Oct 03 2011 00:47:08 GMT+0800 (CST) [cache] [DEBUG] [sports.163.com] write cache content (1892) file: ./cache/sports.163.com/80919edcb566c67e563a64cec838c8ae0c67f7ae.rdby
Fri Oct 07 2011 21:01:00 GMT+0800 (CST) [urlopen] [DEBUG] [sports.163.com] http request url: http://sports.163.com/11/1002/16/7FCGICSO00051CDG.html
Fri Oct 07 2011 21:01:01 GMT+0800 (CST) [urlopen] [DEBUG] [sports.163.com] received content, 95813 B
Fri Oct 07 2011 21:01:01 GMT+0800 (CST) [ce] [DEBUG] [sports.163.com] extract(http://sports.163.com/11/1002/16/7FCGICSO00051CDG.html)
Fri Oct 07 2011 21:01:01 GMT+0800 (CST) [cache] [INFO] [sports.163.com] create non-existing domain directory
Fri Oct 07 2011 21:01:01 GMT+0800 (CST) [filter] [INFO] [sports.163.com] create Filter(http://sports.163.com/11/1002/16/7FCGICSO00051CDG.html)
Fri Oct 07 2011 21:01:01 GMT+0800 (CST) [filter] [INFO] [sports.163.com] no pre-filters to apply
Fri Oct 07 2011 21:01:01 GMT+0800 (CST) [ce] [DEBUG] [sports.163.com] callback from preFilter(95806):http://sports.163.com/11/1002/16/7FCGICSO00051CDG.html
Fri Oct 07 2011 21:01:29 GMT+0800 (CST) [ce] [DEBUG] [sports.163.com] callback from readability.parse(1891):http://sports.163.com/11/1002/16/7FCGICSO00051CDG.html
Fri Oct 07 2011 21:01:29 GMT+0800 (CST) [filter] [INFO] [sports.163.com] filtering create jsdom doc: http://sports.163.com/11/1002/16/7FCGICSO00051CDG.html (1930)
Fri Oct 07 2011 21:03:11 GMT+0800 (CST) [urlopen] [DEBUG] [sports.163.com] http request url: http://sports.163.com/11/1002/16/7FCGICSO00051CDG.html
Fri Oct 07 2011 21:03:13 GMT+0800 (CST) [urlopen] [DEBUG] [sports.163.com] received content, 95813 B
Fri Oct 07 2011 21:03:13 GMT+0800 (CST) [ce] [DEBUG] [sports.163.com] extract(http://sports.163.com/11/1002/16/7FCGICSO00051CDG.html)
Fri Oct 07 2011 21:03:13 GMT+0800 (CST) [filter] [INFO] [sports.163.com] create Filter(http://sports.163.com/11/1002/16/7FCGICSO00051CDG.html)
Fri Oct 07 2011 21:03:13 GMT+0800 (CST) [filter] [INFO] [sports.163.com] no pre-filters to apply
Fri Oct 07 2011 21:03:13 GMT+0800 (CST) [ce] [DEBUG] [sports.163.com] callback from preFilter(95806):http://sports.163.com/11/1002/16/7FCGICSO00051CDG.html
Fri Oct 07 2011 21:03:41 GMT+0800 (CST) [ce] [DEBUG] [sports.163.com] callback from readability.parse(1891):http://sports.163.com/11/1002/16/7FCGICSO00051CDG.html
Fri Oct 07 2011 21:03:41 GMT+0800 (CST) [filter] [INFO] [sports.163.com] filtering create jsdom doc: http://sports.163.com/11/1002/16/7FCGICSO00051CDG.html (1930)
Fri Oct 07 2011 21:05:31 GMT+0800 (CST) [urlopen] [DEBUG] [sports.163.com] http request url: http://sports.163.com/11/1002/16/7FCGICSO00051CDG.html
Fri Oct 07 2011 21:05:32 GMT+0800 (CST) [urlopen] [DEBUG] [sports.163.com] received content, 95813 B
Fri Oct 07 2011 21:05:32 GMT+0800 (CST) [ce] [DEBUG] [sports.163.com] extract(http://sports.163.com/11/1002/16/7FCGICSO00051CDG.html)
Fri Oct 07 2011 21:05:32 GMT+0800 (CST) [filter] [INFO] [sports.163.com] create Filter(http://sports.163.com/11/1002/16/7FCGICSO00051CDG.html)
Fri Oct 07 2011 21:05:32 GMT+0800 (CST) [filter] [INFO] [sports.163.com] no pre-filters to apply
Fri Oct 07 2011 21:08:01 GMT+0800 (CST) [urlopen] [DEBUG] [sports.163.com] http request url: http://sports.163.com/11/1002/16/7FCGICSO00051CDG.html
Fri Oct 07 2011 21:08:02 GMT+0800 (CST) [urlopen] [DEBUG] [sports.163.com] received content, 95813 B
Fri Oct 07 2011 21:08:02 GMT+0800 (CST) [ce] [DEBUG] [sports.163.com] extract(http://sports.163.com/11/1002/16/7FCGICSO00051CDG.html)
Fri Oct 07 2011 21:08:02 GMT+0800 (CST) [filter] [INFO] [sports.163.com] create Filter(http://sports.163.com/11/1002/16/7FCGICSO00051CDG.html)
Fri Oct 07 2011 21:08:02 GMT+0800 (CST) [filter] [INFO] [sports.163.com] no pre-filters to apply
Fri Oct 07 2011 21:08:02 GMT+0800 (CST) [ce] [DEBUG] [sports.163.com] callback from preFilter(95806):http://sports.163.com/11/1002/16/7FCGICSO00051CDG.html
Fri Oct 07 2011 21:08:29 GMT+0800 (CST) [ce] [DEBUG] [sports.163.com] callback from readability.parse(1891):http://sports.163.com/11/1002/16/7FCGICSO00051CDG.html
Fri Oct 07 2011 21:08:29 GMT+0800 (CST) [filter] [INFO] [sports.163.com] filtering create jsdom doc: http://sports.163.com/11/1002/16/7FCGICSO00051CDG.html (1930)
Fri Oct 07 2011 21:09:42 GMT+0800 (CST) [urlopen] [DEBUG] [sports.163.com] http request url: http://sports.163.com/11/1002/16/7FCGICSO00051CDG.html
Fri Oct 07 2011 21:09:43 GMT+0800 (CST) [urlopen] [DEBUG] [sports.163.com] received content, 95813 B
Fri Oct 07 2011 21:09:43 GMT+0800 (CST) [ce] [DEBUG] [sports.163.com] extract(http://sports.163.com/11/1002/16/7FCGICSO00051CDG.html)
Fri Oct 07 2011 21:09:43 GMT+0800 (CST) [filter] [INFO] [sports.163.com] create Filter(http://sports.163.com/11/1002/16/7FCGICSO00051CDG.html)
Fri Oct 07 2011 21:09:43 GMT+0800 (CST) [filter] [INFO] [sports.163.com] no pre-filters to apply
Fri Oct 07 2011 21:09:58 GMT+0800 (CST) [ce] [DEBUG] [sports.163.com] callback from preFilter(95806):http://sports.163.com/11/1002/16/7FCGICSO00051CDG.html
Fri Oct 07 2011 21:16:10 GMT+0800 (CST) [ce] [DEBUG] [sports.163.com] callback from readability.parse(1891):http://sports.163.com/11/1002/16/7FCGICSO00051CDG.html
Fri Oct 07 2011 21:16:10 GMT+0800 (CST) [filter] [INFO] [sports.163.com] filtering create jsdom doc: http://sports.163.com/11/1002/16/7FCGICSO00051CDG.html (1930)
Fri Oct 07 2011 21:16:48 GMT+0800 (CST) [urlopen] [DEBUG] [sports.163.com] http request url: http://sports.163.com/11/1002/16/7FCGICSO00051CDG.html
Fri Oct 07 2011 21:16:50 GMT+0800 (CST) [urlopen] [DEBUG] [sports.163.com] received content, 95813 B
Fri Oct 07 2011 21:16:50 GMT+0800 (CST) [ce] [DEBUG] [sports.163.com] extract(http://sports.163.com/11/1002/16/7FCGICSO00051CDG.html)
Fri Oct 07 2011 21:16:50 GMT+0800 (CST) [filter] [INFO] [sports.163.com] create Filter(http://sports.163.com/11/1002/16/7FCGICSO00051CDG.html)
Fri Oct 07 2011 21:16:50 GMT+0800 (CST) [filter] [INFO] [sports.163.com] no pre-filters to apply
Fri Oct 07 2011 21:17:13 GMT+0800 (CST) [ce] [DEBUG] [sports.163.com] callback from preFilter(95806):http://sports.163.com/11/1002/16/7FCGICSO00051CDG.html
Fri Oct 07 2011 21:17:53 GMT+0800 (CST) [ce] [DEBUG] [sports.163.com] callback from readability.parse(1891):http://sports.163.com/11/1002/16/7FCGICSO00051CDG.html
Fri Oct 07 2011 21:41:30 GMT+0800 (CST) [urlopen] [DEBUG] [sports.163.com] http request url: http://sports.163.com/11/1002/16/7FCGICSO00051CDG.html
Fri Oct 07 2011 21:41:31 GMT+0800 (CST) [urlopen] [DEBUG] [sports.163.com] received content, 95820 B
Fri Oct 07 2011 21:41:31 GMT+0800 (CST) [ce] [DEBUG] [sports.163.com] extract(http://sports.163.com/11/1002/16/7FCGICSO00051CDG.html)
Fri Oct 07 2011 21:41:31 GMT+0800 (CST) [filter] [INFO] [sports.163.com] create Filter(http://sports.163.com/11/1002/16/7FCGICSO00051CDG.html)
Fri Oct 07 2011 21:41:34 GMT+0800 (CST) [filter] [INFO] [sports.163.com] no pre-filters to apply
Fri Oct 07 2011 21:41:34 GMT+0800 (CST) [ce] [DEBUG] [sports.163.com] callback from preFilter(95813):http://sports.163.com/11/1002/16/7FCGICSO00051CDG.html
Fri Oct 07 2011 21:42:09 GMT+0800 (CST) [ce] [DEBUG] [sports.163.com] callback from readability.parse(1891):http://sports.163.com/11/1002/16/7FCGICSO00051CDG.html
Fri Oct 07 2011 21:44:53 GMT+0800 (CST) [filter] [INFO] [sports.163.com] filtering create jsdom doc: http://sports.163.com/11/1002/16/7FCGICSO00051CDG.html (1930)
Fri Oct 07 2011 21:47:04 GMT+0800 (CST) [urlopen] [DEBUG] [sports.163.com] http request url: http://sports.163.com/11/1002/16/7FCGICSO00051CDG.html
Fri Oct 07 2011 21:47:05 GMT+0800 (CST) [urlopen] [DEBUG] [sports.163.com] received content, 95820 B
Fri Oct 07 2011 21:47:05 GMT+0800 (CST) [ce] [DEBUG] [sports.163.com] extract(http://sports.163.com/11/1002/16/7FCGICSO00051CDG.html)
Fri Oct 07 2011 21:47:05 GMT+0800 (CST) [filter] [INFO] [sports.163.com] create Filter(http://sports.163.com/11/1002/16/7FCGICSO00051CDG.html)
Fri Oct 07 2011 21:47:10 GMT+0800 (CST) [filter] [INFO] [sports.163.com] no pre-filters to apply
Fri Oct 07 2011 21:47:10 GMT+0800 (CST) [ce] [DEBUG] [sports.163.com] callback from preFilter(95813):http://sports.163.com/11/1002/16/7FCGICSO00051CDG.html
Fri Oct 07 2011 21:47:44 GMT+0800 (CST) [ce] [DEBUG] [sports.163.com] callback from readability.parse(1891):http://sports.163.com/11/1002/16/7FCGICSO00051CDG.html
Fri Oct 07 2011 21:48:01 GMT+0800 (CST) [filter] [INFO] [sports.163.com] filtering create jsdom doc: http://sports.163.com/11/1002/16/7FCGICSO00051CDG.html (1930)
Fri Oct 07 2011 21:49:25 GMT+0800 (CST) [urlopen] [DEBUG] [sports.163.com] http request url: http://sports.163.com/11/1002/16/7FCGICSO00051CDG.html
Fri Oct 07 2011 21:49:26 GMT+0800 (CST) [urlopen] [DEBUG] [sports.163.com] received content, 95820 B
Fri Oct 07 2011 21:49:26 GMT+0800 (CST) [ce] [DEBUG] [sports.163.com] extract(http://sports.163.com/11/1002/16/7FCGICSO00051CDG.html)
Fri Oct 07 2011 21:49:26 GMT+0800 (CST) [filter] [INFO] [sports.163.com] create Filter(http://sports.163.com/11/1002/16/7FCGICSO00051CDG.html)
Fri Oct 07 2011 21:49:28 GMT+0800 (CST) [filter] [INFO] [sports.163.com] no pre-filters to apply
Fri Oct 07 2011 21:49:28 GMT+0800 (CST) [ce] [DEBUG] [sports.163.com] callback from preFilter(95813):http://sports.163.com/11/1002/16/7FCGICSO00051CDG.html
Fri Oct 07 2011 21:50:09 GMT+0800 (CST) [ce] [DEBUG] [sports.163.com] callback from readability.parse(1891):http://sports.163.com/11/1002/16/7FCGICSO00051CDG.html
Fri Oct 07 2011 21:50:15 GMT+0800 (CST) [filter] [INFO] [sports.163.com] filtering create jsdom doc: http://sports.163.com/11/1002/16/7FCGICSO00051CDG.html (1930)
Fri Oct 07 2011 21:51:16 GMT+0800 (CST) [urlopen] [DEBUG] [sports.163.com] http request url: http://sports.163.com/11/1002/16/7FCGICSO00051CDG.html
Fri Oct 07 2011 21:51:16 GMT+0800 (CST) [urlopen] [DEBUG] [sports.163.com] received content, 95820 B
Fri Oct 07 2011 21:51:16 GMT+0800 (CST) [ce] [DEBUG] [sports.163.com] extract(http://sports.163.com/11/1002/16/7FCGICSO00051CDG.html)
Fri Oct 07 2011 21:51:16 GMT+0800 (CST) [filter] [INFO] [sports.163.com] create Filter(http://sports.163.com/11/1002/16/7FCGICSO00051CDG.html)
Fri Oct 07 2011 21:51:16 GMT+0800 (CST) [filter] [INFO] [sports.163.com] no pre-filters to apply
Fri Oct 07 2011 21:51:16 GMT+0800 (CST) [ce] [DEBUG] [sports.163.com] callback from preFilter(95813):http://sports.163.com/11/1002/16/7FCGICSO00051CDG.html
Fri Oct 07 2011 21:51:45 GMT+0800 (CST) [ce] [DEBUG] [sports.163.com] callback from readability.parse(1891):http://sports.163.com/11/1002/16/7FCGICSO00051CDG.html
Fri Oct 07 2011 21:51:45 GMT+0800 (CST) [filter] [INFO] [sports.163.com] filtering create jsdom doc: http://sports.163.com/11/1002/16/7FCGICSO00051CDG.html (1930)
Fri Oct 07 2011 21:54:39 GMT+0800 (CST) [urlopen] [DEBUG] [sports.163.com] http request url: http://sports.163.com/11/1002/16/7FCGICSO00051CDG.html
Fri Oct 07 2011 21:54:40 GMT+0800 (CST) [urlopen] [DEBUG] [sports.163.com] received content, 95820 B
Fri Oct 07 2011 21:54:40 GMT+0800 (CST) [ce] [DEBUG] [sports.163.com] extract(http://sports.163.com/11/1002/16/7FCGICSO00051CDG.html)
Fri Oct 07 2011 21:54:40 GMT+0800 (CST) [filter] [INFO] [sports.163.com] create Filter(http://sports.163.com/11/1002/16/7FCGICSO00051CDG.html)
Fri Oct 07 2011 21:54:40 GMT+0800 (CST) [filter] [INFO] [sports.163.com] no pre-filters to apply
Fri Oct 07 2011 21:54:40 GMT+0800 (CST) [ce] [DEBUG] [sports.163.com] callback from preFilter(95813):http://sports.163.com/11/1002/16/7FCGICSO00051CDG.html
Fri Oct 07 2011 21:55:06 GMT+0800 (CST) [ce] [DEBUG] [sports.163.com] callback from readability.parse(1891):http://sports.163.com/11/1002/16/7FCGICSO00051CDG.html
Fri Oct 07 2011 21:55:06 GMT+0800 (CST) [ce] [DEBUG] [sports.163.com] callback from readability.parse(0):http://sports.163.com/11/1002/16/7FCGICSO00051CDG.html
Fri Oct 07 2011 21:56:33 GMT+0800 (CST) [urlopen] [DEBUG] [sports.163.com] http request url: http://sports.163.com/11/1002/16/7FCGICSO00051CDG.html
Fri Oct 07 2011 21:56:34 GMT+0800 (CST) [urlopen] [DEBUG] [sports.163.com] received content, 95820 B
Fri Oct 07 2011 21:56:34 GMT+0800 (CST) [ce] [DEBUG] [sports.163.com] extract(http://sports.163.com/11/1002/16/7FCGICSO00051CDG.html)
Fri Oct 07 2011 21:56:34 GMT+0800 (CST) [filter] [INFO] [sports.163.com] create Filter(http://sports.163.com/11/1002/16/7FCGICSO00051CDG.html)
Fri Oct 07 2011 21:56:34 GMT+0800 (CST) [filter] [INFO] [sports.163.com] no pre-filters to apply
Fri Oct 07 2011 21:56:34 GMT+0800 (CST) [ce] [DEBUG] [sports.163.com] callback from preFilter(95813):http://sports.163.com/11/1002/16/7FCGICSO00051CDG.html
Fri Oct 07 2011 21:57:01 GMT+0800 (CST) [ce] [DEBUG] [sports.163.com] callback from readability.parse(1891):http://sports.163.com/11/1002/16/7FCGICSO00051CDG.html
Fri Oct 07 2011 21:57:01 GMT+0800 (CST) [cache] [DEBUG] [sports.163.com] write cache content (1891) file: ./cache/sports.163.com/80919edcb566c67e563a64cec838c8ae0c67f7ae.rdby
Fri Oct 07 2011 22:02:13 GMT+0800 (CST) [urlopen] [DEBUG] [sports.163.com] http request url: http://sports.163.com/11/1002/16/7FCGICSO00051CDG.html
Fri Oct 07 2011 22:02:13 GMT+0800 (CST) [urlopen] [DEBUG] [sports.163.com] received content, 95820 B
Fri Oct 07 2011 22:02:13 GMT+0800 (CST) [ce] [DEBUG] [sports.163.com] extract(http://sports.163.com/11/1002/16/7FCGICSO00051CDG.html)
Fri Oct 07 2011 22:02:13 GMT+0800 (CST) [filter] [INFO] [sports.163.com] create Filter(http://sports.163.com/11/1002/16/7FCGICSO00051CDG.html)
Fri Oct 07 2011 22:02:13 GMT+0800 (CST) [filter] [INFO] [sports.163.com] no pre-filters to apply
Fri Oct 07 2011 22:02:13 GMT+0800 (CST) [ce] [DEBUG] [sports.163.com] callback from preFilter(95813):http://sports.163.com/11/1002/16/7FCGICSO00051CDG.html
Fri Oct 07 2011 22:02:40 GMT+0800 (CST) [ce] [DEBUG] [sports.163.com] callback from readability.parse(1891):http://sports.163.com/11/1002/16/7FCGICSO00051CDG.html
Fri Oct 07 2011 22:02:40 GMT+0800 (CST) [filter] [INFO] [sports.163.com] filtering create jsdom doc: http://sports.163.com/11/1002/16/7FCGICSO00051CDG.html (1930)
Fri Oct 07 2011 22:05:32 GMT+0800 (CST) [urlopen] [DEBUG] [sports.163.com] http request url: http://sports.163.com/11/1002/16/7FCGICSO00051CDG.html
Fri Oct 07 2011 22:05:53 GMT+0800 (CST) [urlopen] [DEBUG] [sports.163.com] received content, 95820 B
Fri Oct 07 2011 22:05:53 GMT+0800 (CST) [ce] [DEBUG] [sports.163.com] extract(http://sports.163.com/11/1002/16/7FCGICSO00051CDG.html)
Fri Oct 07 2011 22:05:53 GMT+0800 (CST) [filter] [INFO] [sports.163.com] create Filter(http://sports.163.com/11/1002/16/7FCGICSO00051CDG.html)
Fri Oct 07 2011 22:05:55 GMT+0800 (CST) [filter] [INFO] [sports.163.com] no pre-filters to apply
Fri Oct 07 2011 22:05:55 GMT+0800 (CST) [ce] [DEBUG] [sports.163.com] callback from preFilter(95813):http://sports.163.com/11/1002/16/7FCGICSO00051CDG.html
Fri Oct 07 2011 22:06:24 GMT+0800 (CST) [ce] [DEBUG] [sports.163.com] callback from readability.parse(1891):http://sports.163.com/11/1002/16/7FCGICSO00051CDG.html
Fri Oct 07 2011 22:08:36 GMT+0800 (CST) [filter] [INFO] [sports.163.com] filtering create jsdom doc: http://sports.163.com/11/1002/16/7FCGICSO00051CDG.html (1930)
